This file contains any messages produced by compilers while
running configure, to aid debugging if configure makes a mistake.

It was created by configure, which was
generated by GNU Autoconf 2.57.  Invocation command line was

  $ ./configure --enable-oramcat --enable-oraver=920_32bit --enable-oraconn=mcatbbsrc.dl.ac.uk --enable-oralobj --enable-orahome=/opt/oracle/product/9.2.0 --enable-commports --enable-commstart=65000 --enable-commnum=255 --enable-srbport=7620 --enable-javagui=yes --enable-jdkhome=/opt/java --enable-accsctrl --enable-installdir=/opt/srb/bbsrc

## --------- ##
## Platform. ##
## --------- ##

hostname = senne.dl.ac.uk
uname -m = i686
uname -r = 2.4.21-27.ELsmp
uname -s = Linux
uname -v = #1 SMP Wed Dec 1 21:59:02 EST 2004

/usr/bin/uname -p = unknown
/bin/uname -X     = unknown

/bin/arch              = i686
/usr/bin/arch -k       = unknown
/usr/convex/getsysinfo = unknown
hostinfo               = unknown
/bin/machine           = unknown
/usr/bin/oslevel       = unknown
/bin/universe          = unknown

PATH: /usr/kerberos/bin
PATH: /bin
PATH: /usr/bin
PATH: /usr/local/bin
PATH: /usr/bin/X11
PATH: /usr/X11R6/bin
PATH: /home/srbusr/bin
PATH: /opt/java/bin
PATH: /opt/oracle/product/9.2.0/bin
PATH: /home/srbusr/bin
PATH: /opt/java/bin
PATH: /opt/oracle/product/9.2.0/bin
PATH: /home/srbusr/bin
PATH: /opt/java/bin
PATH: /opt/oracle/product/9.2.0/bin
PATH: /home/srbusr/bin
PATH: /opt/java/bin


## ----------- ##
## Core tests. ##
## ----------- ##

configure:1303: checking for gcc
configure:1319: found /usr/bin/gcc
configure:1329: result: gcc
configure:1573: checking for C compiler version
configure:1576: gcc --version </dev/null >&5
gcc (GCC) 3.2.3 20030502 (Red Hat Linux 3.2.3-49)
Copyright (C) 2002 Free Software Foundation, Inc.
This is free software; see the source for copying conditions.  There is NO
warranty; not even for MERCHANTABILITY or FITNESS FOR A PARTICULAR PURPOSE.

configure:1579: $? = 0
configure:1581: gcc -v </dev/null >&5
Reading specs from /usr/lib/gcc-lib/i386-redhat-linux/3.2.3/specs
Configured with: ../configure --prefix=/usr --mandir=/usr/share/man --infodir=/usr/share/info --enable-shared --enable-threads=posix --disable-checking --with-system-zlib --enable-__cxa_atexit --host=i386-redhat-linux
Thread model: posix
gcc version 3.2.3 20030502 (Red Hat Linux 3.2.3-49)
configure:1584: $? = 0
configure:1586: gcc -V </dev/null >&5
gcc: argument to `-V' is missing
configure:1589: $? = 1
configure:1613: checking for C compiler default output
configure:1616: gcc    conftest.c  >&5
configure:1619: $? = 0
configure:1665: result: a.out
configure:1670: checking whether the C compiler works
configure:1676: ./a.out
configure:1679: $? = 0
configure:1696: result: yes
configure:1703: checking whether we are cross compiling
configure:1705: result: no
configure:1708: checking for suffix of executables
configure:1710: gcc -o conftest    conftest.c  >&5
configure:1713: $? = 0
configure:1738: result: 
configure:1744: checking for suffix of object files
configure:1766: gcc -c   conftest.c >&5
configure:1769: $? = 0
configure:1791: result: o
configure:1795: checking whether we are using the GNU C compiler
configure:1820: gcc -c   conftest.c >&5
configure:1823: $? = 0
configure:1826: test -s conftest.o
configure:1829: $? = 0
configure:1842: result: yes
configure:1848: checking whether gcc accepts -g
configure:1870: gcc -c -g  conftest.c >&5
configure:1873: $? = 0
configure:1876: test -s conftest.o
configure:1879: $? = 0
configure:1890: result: yes
configure:1907: checking for gcc option to accept ANSI C
configure:1968: gcc  -c -g -O2  conftest.c >&5
configure:1971: $? = 0
configure:1974: test -s conftest.o
configure:1977: $? = 0
configure:1995: result: none needed
configure:2013: gcc -c -g -O2  conftest.c >&5
conftest.c:2: syntax error before "me"
configure:2016: $? = 1
configure: failed program was:
| #ifndef __cplusplus
|   choke me
| #endif
configure:2177: checking for g++
configure:2193: found /usr/bin/g++
configure:2203: result: g++
configure:2219: checking for C++ compiler version
configure:2222: g++ --version </dev/null >&5
g++ (GCC) 3.2.3 20030502 (Red Hat Linux 3.2.3-49)
Copyright (C) 2002 Free Software Foundation, Inc.
This is free software; see the source for copying conditions.  There is NO
warranty; not even for MERCHANTABILITY or FITNESS FOR A PARTICULAR PURPOSE.

configure:2225: $? = 0
configure:2227: g++ -v </dev/null >&5
Reading specs from /usr/lib/gcc-lib/i386-redhat-linux/3.2.3/specs
Configured with: ../configure --prefix=/usr --mandir=/usr/share/man --infodir=/usr/share/info --enable-shared --enable-threads=posix --disable-checking --with-system-zlib --enable-__cxa_atexit --host=i386-redhat-linux
Thread model: posix
gcc version 3.2.3 20030502 (Red Hat Linux 3.2.3-49)
configure:2230: $? = 0
configure:2232: g++ -V </dev/null >&5
g++: argument to `-V' missing

configure:2235: $? = 1
configure:2238: checking whether we are using the GNU C++ compiler
configure:2263: g++ -c   conftest.cc >&5
configure:2266: $? = 0
configure:2269: test -s conftest.o
configure:2272: $? = 0
configure:2285: result: yes
configure:2291: checking whether g++ accepts -g
configure:2313: g++ -c -g  conftest.cc >&5
configure:2316: $? = 0
configure:2319: test -s conftest.o
configure:2322: $? = 0
configure:2333: result: yes
configure:2377: g++ -c -g -O2  conftest.cc >&5
configure:2380: $? = 0
configure:2383: test -s conftest.o
configure:2386: $? = 0
configure:2413: g++ -c -g -O2  conftest.cc >&5
configure: In function `int main()':
configure:2408: `exit' undeclared (first use this function)
configure:2408: (Each undeclared identifier is reported only once for each 
   function it appears in.)
configure:2416: $? = 1
configure: failed program was:
| #line 2396 "configure"
| /* confdefs.h.  */
| 
| #define PACKAGE_NAME ""
| #define PACKAGE_TARNAME ""
| #define PACKAGE_VERSION ""
| #define PACKAGE_STRING ""
| #define PACKAGE_BUGREPORT ""
| /* end confdefs.h.  */
| 
| int
| main ()
| {
| exit (42);
|   ;
|   return 0;
| }
configure:2377: g++ -c -g -O2  conftest.cc >&5
configure:2380: $? = 0
configure:2383: test -s conftest.o
configure:2386: $? = 0
configure:2413: g++ -c -g -O2  conftest.cc >&5
configure:2416: $? = 0
configure:2419: test -s conftest.o
configure:2422: $? = 0
configure:2450: checking for flex
configure:2466: found /usr/bin/flex
configure:2476: result: flex
configure:2489: checking for yywrap in -lfl
configure:2520: gcc -o conftest -g -O2   conftest.c -lfl   >&5
configure:2523: $? = 0
configure:2526: test -s conftest
configure:2529: $? = 0
configure:2541: result: yes
configure:2609: checking lex output file root
configure:2620: flex conftest.l
configure:2623: $? = 0
configure:2635: result: lex.yy
configure:2640: checking whether yytext is a pointer
configure:2656: gcc -o conftest -g -O2   conftest.c  -lfl >&5
configure:2659: $? = 0
configure:2662: test -s conftest
configure:2665: $? = 0
configure:2678: result: yes
configure:2693: checking for bison
configure:2722: result: no
configure:2693: checking for byacc
configure:2722: result: no
configure:3027: checking for main in -lDataCutter
configure:3052: gcc -o conftest -g -O2   conftest.c -lDataCutter   >&5
/usr/bin/ld: cannot find -lDataCutter
collect2: ld returned 1 exit status
configure:3055: $? = 1
configure: failed program was:
| #line 3034 "configure"
| /* confdefs.h.  */
| 
| #define PACKAGE_NAME ""
| #define PACKAGE_TARNAME ""
| #define PACKAGE_VERSION ""
| #define PACKAGE_STRING ""
| #define PACKAGE_BUGREPORT ""
| #ifdef __cplusplus
| #include <stdlib.h>
| #endif
| #define YYTEXT_POINTER 1
| /* end confdefs.h.  */
| 
| 
| int
| main ()
| {
| main ();
|   ;
|   return 0;
| }
configure:3073: result: no
configure:3085: checking for main in -lEncClient
configure:3110: gcc -o conftest -g -O2   conftest.c -lEncClient   >&5
/usr/bin/ld: cannot find -lEncClient
collect2: ld returned 1 exit status
configure:3113: $? = 1
configure: failed program was:
| #line 3092 "configure"
| /* confdefs.h.  */
| 
| #define PACKAGE_NAME ""
| #define PACKAGE_TARNAME ""
| #define PACKAGE_VERSION ""
| #define PACKAGE_STRING ""
| #define PACKAGE_BUGREPORT ""
| #ifdef __cplusplus
| #include <stdlib.h>
| #endif
| #define YYTEXT_POINTER 1
| /* end confdefs.h.  */
| 
| 
| int
| main ()
| {
| main ();
|   ;
|   return 0;
| }
configure:3131: result: no
configure:3143: checking for main in -lEncSfs
configure:3168: gcc -o conftest -g -O2   conftest.c -lEncSfs   >&5
/usr/bin/ld: cannot find -lEncSfs
collect2: ld returned 1 exit status
configure:3171: $? = 1
configure: failed program was:
| #line 3150 "configure"
| /* confdefs.h.  */
| 
| #define PACKAGE_NAME ""
| #define PACKAGE_TARNAME ""
| #define PACKAGE_VERSION ""
| #define PACKAGE_STRING ""
| #define PACKAGE_BUGREPORT ""
| #ifdef __cplusplus
| #include <stdlib.h>
| #endif
| #define YYTEXT_POINTER 1
| /* end confdefs.h.  */
| 
| 
| int
| main ()
| {
| main ();
|   ;
|   return 0;
| }
configure:3189: result: no
configure:3201: checking for main in -lEncina
configure:3226: gcc -o conftest -g -O2   conftest.c -lEncina   >&5
/usr/bin/ld: cannot find -lEncina
collect2: ld returned 1 exit status
configure:3229: $? = 1
configure: failed program was:
| #line 3208 "configure"
| /* confdefs.h.  */
| 
| #define PACKAGE_NAME ""
| #define PACKAGE_TARNAME ""
| #define PACKAGE_VERSION ""
| #define PACKAGE_STRING ""
| #define PACKAGE_BUGREPORT ""
| #ifdef __cplusplus
| #include <stdlib.h>
| #endif
| #define YYTEXT_POINTER 1
| /* end confdefs.h.  */
| 
| 
| int
| main ()
| {
| main ();
|   ;
|   return 0;
| }
configure:3247: result: no
configure:3259: checking for main in -lSrbClient
configure:3284: gcc -o conftest -g -O2   conftest.c -lSrbClient   >&5
/usr/bin/ld: cannot find -lSrbClient
collect2: ld returned 1 exit status
configure:3287: $? = 1
configure: failed program was:
| #line 3266 "configure"
| /* confdefs.h.  */
| 
| #define PACKAGE_NAME ""
| #define PACKAGE_TARNAME ""
| #define PACKAGE_VERSION ""
| #define PACKAGE_STRING ""
| #define PACKAGE_BUGREPORT ""
| #ifdef __cplusplus
| #include <stdlib.h>
| #endif
| #define YYTEXT_POINTER 1
| /* end confdefs.h.  */
| 
| 
| int
| main ()
| {
| main ();
|   ;
|   return 0;
| }
configure:3305: result: no
configure:3317: checking for main in -lSrbJavaGlue
configure:3342: gcc -o conftest -g -O2   conftest.c -lSrbJavaGlue   >&5
/usr/bin/ld: cannot find -lSrbJavaGlue
collect2: ld returned 1 exit status
configure:3345: $? = 1
configure: failed program was:
| #line 3324 "configure"
| /* confdefs.h.  */
| 
| #define PACKAGE_NAME ""
| #define PACKAGE_TARNAME ""
| #define PACKAGE_VERSION ""
| #define PACKAGE_STRING ""
| #define PACKAGE_BUGREPORT ""
| #ifdef __cplusplus
| #include <stdlib.h>
| #endif
| #define YYTEXT_POINTER 1
| /* end confdefs.h.  */
| 
| 
| int
| main ()
| {
| main ();
|   ;
|   return 0;
| }
configure:3363: result: no
configure:3375: checking for main in -lc
configure:3400: gcc -o conftest -g -O2   conftest.c -lc   >&5
configure:3403: $? = 0
configure:3406: test -s conftest
configure:3409: $? = 0
configure:3421: result: yes
configure:3433: checking for main in -lc_r
configure:3458: gcc -o conftest -g -O2   conftest.c -lc_r  -lc  >&5
/usr/bin/ld: cannot find -lc_r
collect2: ld returned 1 exit status
configure:3461: $? = 1
configure: failed program was:
| #line 3440 "configure"
| /* confdefs.h.  */
| 
| #define PACKAGE_NAME ""
| #define PACKAGE_TARNAME ""
| #define PACKAGE_VERSION ""
| #define PACKAGE_STRING ""
| #define PACKAGE_BUGREPORT ""
| #ifdef __cplusplus
| #include <stdlib.h>
| #endif
| #define YYTEXT_POINTER 1
| #define HAVE_LIBC 1
| /* end confdefs.h.  */
| 
| 
| int
| main ()
| {
| main ();
|   ;
|   return 0;
| }
configure:3479: result: no
configure:3491: checking for main in -lcom_err
configure:3516: gcc -o conftest -g -O2   conftest.c -lcom_err  -lc  >&5
/usr/bin/ld: cannot find -lcom_err
collect2: ld returned 1 exit status
configure:3519: $? = 1
configure: failed program was:
| #line 3498 "configure"
| /* confdefs.h.  */
| 
| #define PACKAGE_NAME ""
| #define PACKAGE_TARNAME ""
| #define PACKAGE_VERSION ""
| #define PACKAGE_STRING ""
| #define PACKAGE_BUGREPORT ""
| #ifdef __cplusplus
| #include <stdlib.h>
| #endif
| #define YYTEXT_POINTER 1
| #define HAVE_LIBC 1
| /* end confdefs.h.  */
| 
| 
| int
| main ()
| {
| main ();
|   ;
|   return 0;
| }
configure:3537: result: no
configure:3549: checking for main in -ldb
configure:3574: gcc -o conftest -g -O2   conftest.c -ldb  -lc  >&5
/usr/bin/ld: cannot find -ldb
collect2: ld returned 1 exit status
configure:3577: $? = 1
configure: failed program was:
| #line 3556 "configure"
| /* confdefs.h.  */
| 
| #define PACKAGE_NAME ""
| #define PACKAGE_TARNAME ""
| #define PACKAGE_VERSION ""
| #define PACKAGE_STRING ""
| #define PACKAGE_BUGREPORT ""
| #ifdef __cplusplus
| #include <stdlib.h>
| #endif
| #define YYTEXT_POINTER 1
| #define HAVE_LIBC 1
| /* end confdefs.h.  */
| 
| 
| int
| main ()
| {
| main ();
|   ;
|   return 0;
| }
configure:3595: result: no
configure:3607: checking for main in -ldce
configure:3632: gcc -o conftest -g -O2   conftest.c -ldce  -lc  >&5
/usr/bin/ld: cannot find -ldce
collect2: ld returned 1 exit status
configure:3635: $? = 1
configure: failed program was:
| #line 3614 "configure"
| /* confdefs.h.  */
| 
| #define PACKAGE_NAME ""
| #define PACKAGE_TARNAME ""
| #define PACKAGE_VERSION ""
| #define PACKAGE_STRING ""
| #define PACKAGE_BUGREPORT ""
| #ifdef __cplusplus
| #include <stdlib.h>
| #endif
| #define YYTEXT_POINTER 1
| #define HAVE_LIBC 1
| /* end confdefs.h.  */
| 
| 
| int
| main ()
| {
| main ();
|   ;
|   return 0;
| }
configure:3653: result: no
configure:3665: checking for main in -ldcepthreads
configure:3690: gcc -o conftest -g -O2   conftest.c -ldcepthreads  -lc  >&5
/usr/bin/ld: cannot find -ldcepthreads
collect2: ld returned 1 exit status
configure:3693: $? = 1
configure: failed program was:
| #line 3672 "configure"
| /* confdefs.h.  */
| 
| #define PACKAGE_NAME ""
| #define PACKAGE_TARNAME ""
| #define PACKAGE_VERSION ""
| #define PACKAGE_STRING ""
| #define PACKAGE_BUGREPORT ""
| #ifdef __cplusplus
| #include <stdlib.h>
| #endif
| #define YYTEXT_POINTER 1
| #define HAVE_LIBC 1
| /* end confdefs.h.  */
| 
| 
| int
| main ()
| {
| main ();
|   ;
|   return 0;
| }
configure:3711: result: no
configure:3723: checking for main in -ldpss
configure:3748: gcc -o conftest -g -O2   conftest.c -ldpss  -lc  >&5
/usr/bin/ld: cannot find -ldpss
collect2: ld returned 1 exit status
configure:3751: $? = 1
configure: failed program was:
| #line 3730 "configure"
| /* confdefs.h.  */
| 
| #define PACKAGE_NAME ""
| #define PACKAGE_TARNAME ""
| #define PACKAGE_VERSION ""
| #define PACKAGE_STRING ""
| #define PACKAGE_BUGREPORT ""
| #ifdef __cplusplus
| #include <stdlib.h>
| #endif
| #define YYTEXT_POINTER 1
| #define HAVE_LIBC 1
| /* end confdefs.h.  */
| 
| 
| int
| main ()
| {
| main ();
|   ;
|   return 0;
| }
configure:3769: result: no
configure:3781: checking for main in -ldpssfs
configure:3806: gcc -o conftest -g -O2   conftest.c -ldpssfs  -lc  >&5
/usr/bin/ld: cannot find -ldpssfs
collect2: ld returned 1 exit status
configure:3809: $? = 1
configure: failed program was:
| #line 3788 "configure"
| /* confdefs.h.  */
| 
| #define PACKAGE_NAME ""
| #define PACKAGE_TARNAME ""
| #define PACKAGE_VERSION ""
| #define PACKAGE_STRING ""
| #define PACKAGE_BUGREPORT ""
| #ifdef __cplusplus
| #include <stdlib.h>
| #endif
| #define YYTEXT_POINTER 1
| #define HAVE_LIBC 1
| /* end confdefs.h.  */
| 
| 
| int
| main ()
| {
| main ();
|   ;
|   return 0;
| }
configure:3827: result: no
configure:3839: checking for main in -ldpssutils
configure:3864: gcc -o conftest -g -O2   conftest.c -ldpssutils  -lc  >&5
/usr/bin/ld: cannot find -ldpssutils
collect2: ld returned 1 exit status
configure:3867: $? = 1
configure: failed program was:
| #line 3846 "configure"
| /* confdefs.h.  */
| 
| #define PACKAGE_NAME ""
| #define PACKAGE_TARNAME ""
| #define PACKAGE_VERSION ""
| #define PACKAGE_STRING ""
| #define PACKAGE_BUGREPORT ""
| #ifdef __cplusplus
| #include <stdlib.h>
| #endif
| #define YYTEXT_POINTER 1
| #define HAVE_LIBC 1
| /* end confdefs.h.  */
| 
| 
| int
| main ()
| {
| main ();
|   ;
|   return 0;
| }
configure:3885: result: no
configure:3897: checking for main in -lelf
configure:3922: gcc -o conftest -g -O2   conftest.c -lelf  -lc  >&5
/usr/bin/ld: cannot find -lelf
collect2: ld returned 1 exit status
configure:3925: $? = 1
configure: failed program was:
| #line 3904 "configure"
| /* confdefs.h.  */
| 
| #define PACKAGE_NAME ""
| #define PACKAGE_TARNAME ""
| #define PACKAGE_VERSION ""
| #define PACKAGE_STRING ""
| #define PACKAGE_BUGREPORT ""
| #ifdef __cplusplus
| #include <stdlib.h>
| #endif
| #define YYTEXT_POINTER 1
| #define HAVE_LIBC 1
| /* end confdefs.h.  */
| 
| 
| int
| main ()
| {
| main ();
|   ;
|   return 0;
| }
configure:3943: result: no
configure:3955: checking for main in -lgen
configure:3980: gcc -o conftest -g -O2   conftest.c -lgen  -lc  >&5
/usr/bin/ld: cannot find -lgen
collect2: ld returned 1 exit status
configure:3983: $? = 1
configure: failed program was:
| #line 3962 "configure"
| /* confdefs.h.  */
| 
| #define PACKAGE_NAME ""
| #define PACKAGE_TARNAME ""
| #define PACKAGE_VERSION ""
| #define PACKAGE_STRING ""
| #define PACKAGE_BUGREPORT ""
| #ifdef __cplusplus
| #include <stdlib.h>
| #endif
| #define YYTEXT_POINTER 1
| #define HAVE_LIBC 1
| /* end confdefs.h.  */
| 
| 
| int
| main ()
| {
| main ();
|   ;
|   return 0;
| }
configure:4001: result: no
configure:4013: checking for main in -lhpss
configure:4038: gcc -o conftest -g -O2   conftest.c -lhpss  -lc  >&5
/usr/bin/ld: cannot find -lhpss
collect2: ld returned 1 exit status
configure:4041: $? = 1
configure: failed program was:
| #line 4020 "configure"
| /* confdefs.h.  */
| 
| #define PACKAGE_NAME ""
| #define PACKAGE_TARNAME ""
| #define PACKAGE_VERSION ""
| #define PACKAGE_STRING ""
| #define PACKAGE_BUGREPORT ""
| #ifdef __cplusplus
| #include <stdlib.h>
| #endif
| #define YYTEXT_POINTER 1
| #define HAVE_LIBC 1
| /* end confdefs.h.  */
| 
| 
| int
| main ()
| {
| main ();
|   ;
|   return 0;
| }
configure:4059: result: no
configure:4071: checking for main in -lhpss_extensions
configure:4096: gcc -o conftest -g -O2   conftest.c -lhpss_extensions  -lc  >&5
/usr/bin/ld: cannot find -lhpss_extensions
collect2: ld returned 1 exit status
configure:4099: $? = 1
configure: failed program was:
| #line 4078 "configure"
| /* confdefs.h.  */
| 
| #define PACKAGE_NAME ""
| #define PACKAGE_TARNAME ""
| #define PACKAGE_VERSION ""
| #define PACKAGE_STRING ""
| #define PACKAGE_BUGREPORT ""
| #ifdef __cplusplus
| #include <stdlib.h>
| #endif
| #define YYTEXT_POINTER 1
| #define HAVE_LIBC 1
| /* end confdefs.h.  */
| 
| 
| int
| main ()
| {
| main ();
|   ;
|   return 0;
| }
configure:4117: result: no
configure:4129: checking for main in -lhpssapi
configure:4154: gcc -o conftest -g -O2   conftest.c -lhpssapi  -lc  >&5
/usr/bin/ld: cannot find -lhpssapi
collect2: ld returned 1 exit status
configure:4157: $? = 1
configure: failed program was:
| #line 4136 "configure"
| /* confdefs.h.  */
| 
| #define PACKAGE_NAME ""
| #define PACKAGE_TARNAME ""
| #define PACKAGE_VERSION ""
| #define PACKAGE_STRING ""
| #define PACKAGE_BUGREPORT ""
| #ifdef __cplusplus
| #include <stdlib.h>
| #endif
| #define YYTEXT_POINTER 1
| #define HAVE_LIBC 1
| /* end confdefs.h.  */
| 
| 
| int
| main ()
| {
| main ();
|   ;
|   return 0;
| }
configure:4175: result: no
configure:4187: checking for main in -ljnetutils
configure:4212: gcc -o conftest -g -O2   conftest.c -ljnetutils  -lc  >&5
/usr/bin/ld: cannot find -ljnetutils
collect2: ld returned 1 exit status
configure:4215: $? = 1
configure: failed program was:
| #line 4194 "configure"
| /* confdefs.h.  */
| 
| #define PACKAGE_NAME ""
| #define PACKAGE_TARNAME ""
| #define PACKAGE_VERSION ""
| #define PACKAGE_STRING ""
| #define PACKAGE_BUGREPORT ""
| #ifdef __cplusplus
| #include <stdlib.h>
| #endif
| #define YYTEXT_POINTER 1
| #define HAVE_LIBC 1
| /* end confdefs.h.  */
| 
| 
| int
| main ()
| {
| main ();
|   ;
|   return 0;
| }
configure:4233: result: no
configure:4245: checking for main in -lkrb5
configure:4270: gcc -o conftest -g -O2   conftest.c -lkrb5  -lc  >&5
/usr/bin/ld: cannot find -lkrb5
collect2: ld returned 1 exit status
configure:4273: $? = 1
configure: failed program was:
| #line 4252 "configure"
| /* confdefs.h.  */
| 
| #define PACKAGE_NAME ""
| #define PACKAGE_TARNAME ""
| #define PACKAGE_VERSION ""
| #define PACKAGE_STRING ""
| #define PACKAGE_BUGREPORT ""
| #ifdef __cplusplus
| #include <stdlib.h>
| #endif
| #define YYTEXT_POINTER 1
| #define HAVE_LIBC 1
| /* end confdefs.h.  */
| 
| 
| int
| main ()
| {
| main ();
|   ;
|   return 0;
| }
configure:4291: result: no
configure:4303: checking for main in -lkrb5crypto
configure:4328: gcc -o conftest -g -O2   conftest.c -lkrb5crypto  -lc  >&5
/usr/bin/ld: cannot find -lkrb5crypto
collect2: ld returned 1 exit status
configure:4331: $? = 1
configure: failed program was:
| #line 4310 "configure"
| /* confdefs.h.  */
| 
| #define PACKAGE_NAME ""
| #define PACKAGE_TARNAME ""
| #define PACKAGE_VERSION ""
| #define PACKAGE_STRING ""
| #define PACKAGE_BUGREPORT ""
| #ifdef __cplusplus
| #include <stdlib.h>
| #endif
| #define YYTEXT_POINTER 1
| #define HAVE_LIBC 1
| /* end confdefs.h.  */
| 
| 
| int
| main ()
| {
| main ();
|   ;
|   return 0;
| }
configure:4349: result: no
configure:4361: checking for main in -ll
configure:4386: gcc -o conftest -g -O2   conftest.c -ll  -lc  >&5
configure:4389: $? = 0
configure:4392: test -s conftest
configure:4395: $? = 0
configure:4407: result: yes
configure:4419: checking for main in -lm
configure:4444: gcc -o conftest -g -O2   conftest.c -lm  -ll -lc  >&5
configure:4447: $? = 0
configure:4450: test -s conftest
configure:4453: $? = 0
configure:4465: result: yes
configure:4477: checking for main in -lnetlogger
configure:4502: gcc -o conftest -g -O2   conftest.c -lnetlogger  -lm -ll -lc  >&5
/usr/bin/ld: cannot find -lnetlogger
collect2: ld returned 1 exit status
configure:4505: $? = 1
configure: failed program was:
| #line 4484 "configure"
| /* confdefs.h.  */
| 
| #define PACKAGE_NAME ""
| #define PACKAGE_TARNAME ""
| #define PACKAGE_VERSION ""
| #define PACKAGE_STRING ""
| #define PACKAGE_BUGREPORT ""
| #ifdef __cplusplus
| #include <stdlib.h>
| #endif
| #define YYTEXT_POINTER 1
| #define HAVE_LIBC 1
| #define HAVE_LIBL 1
| #define HAVE_LIBM 1
| /* end confdefs.h.  */
| 
| 
| int
| main ()
| {
| main ();
|   ;
|   return 0;
| }
configure:4523: result: no
configure:4535: checking for main in -lnsl
configure:4560: gcc -o conftest -g -O2   conftest.c -lnsl  -lm -ll -lc  >&5
configure:4563: $? = 0
configure:4566: test -s conftest
configure:4569: $? = 0
configure:4581: result: yes
configure:4593: checking for main in -lposix4
configure:4618: gcc -o conftest -g -O2   conftest.c -lposix4  -lnsl -lm -ll -lc  >&5
/usr/bin/ld: cannot find -lposix4
collect2: ld returned 1 exit status
configure:4621: $? = 1
configure: failed program was:
| #line 4600 "configure"
| /* confdefs.h.  */
| 
| #define PACKAGE_NAME ""
| #define PACKAGE_TARNAME ""
| #define PACKAGE_VERSION ""
| #define PACKAGE_STRING ""
| #define PACKAGE_BUGREPORT ""
| #ifdef __cplusplus
| #include <stdlib.h>
| #endif
| #define YYTEXT_POINTER 1
| #define HAVE_LIBC 1
| #define HAVE_LIBL 1
| #define HAVE_LIBM 1
| #define HAVE_LIBNSL 1
| /* end confdefs.h.  */
| 
| 
| int
| main ()
| {
| main ();
|   ;
|   return 0;
| }
configure:4639: result: no
configure:4651: checking for main in -lpthread
configure:4676: gcc -o conftest -g -O2   conftest.c -lpthread  -lnsl -lm -ll -lc  >&5
configure:4679: $? = 0
configure:4682: test -s conftest
configure:4685: $? = 0
configure:4697: result: yes
configure:4709: checking for main in -lpthreads
configure:4734: gcc -o conftest -g -O2   conftest.c -lpthreads  -lpthread -lnsl -lm -ll -lc  >&5
/usr/bin/ld: cannot find -lpthreads
collect2: ld returned 1 exit status
configure:4737: $? = 1
configure: failed program was:
| #line 4716 "configure"
| /* confdefs.h.  */
| 
| #define PACKAGE_NAME ""
| #define PACKAGE_TARNAME ""
| #define PACKAGE_VERSION ""
| #define PACKAGE_STRING ""
| #define PACKAGE_BUGREPORT ""
| #ifdef __cplusplus
| #include <stdlib.h>
| #endif
| #define YYTEXT_POINTER 1
| #define HAVE_LIBC 1
| #define HAVE_LIBL 1
| #define HAVE_LIBM 1
| #define HAVE_LIBNSL 1
| #define HAVE_LIBPTHREAD 1
| /* end confdefs.h.  */
| 
| 
| int
| main ()
| {
| main ();
|   ;
|   return 0;
| }
configure:4755: result: no
configure:4767: checking for main in -lresolv
configure:4792: gcc -o conftest -g -O2   conftest.c -lresolv  -lpthread -lnsl -lm -ll -lc  >&5
configure:4795: $? = 0
configure:4798: test -s conftest
configure:4801: $? = 0
configure:4813: result: yes
configure:4825: checking for main in -lsocket
configure:4850: gcc -o conftest -g -O2   conftest.c -lsocket  -lresolv -lpthread -lnsl -lm -ll -lc  >&5
/usr/bin/ld: cannot find -lsocket
collect2: ld returned 1 exit status
configure:4853: $? = 1
configure: failed program was:
| #line 4832 "configure"
| /* confdefs.h.  */
| 
| #define PACKAGE_NAME ""
| #define PACKAGE_TARNAME ""
| #define PACKAGE_VERSION ""
| #define PACKAGE_STRING ""
| #define PACKAGE_BUGREPORT ""
| #ifdef __cplusplus
| #include <stdlib.h>
| #endif
| #define YYTEXT_POINTER 1
| #define HAVE_LIBC 1
| #define HAVE_LIBL 1
| #define HAVE_LIBM 1
| #define HAVE_LIBNSL 1
| #define HAVE_LIBPTHREAD 1
| #define HAVE_LIBRESOLV 1
| /* end confdefs.h.  */
| 
| 
| int
| main ()
| {
| main ();
|   ;
|   return 0;
| }
configure:4871: result: no
configure:4883: checking for main in -lthread
configure:4908: gcc -o conftest -g -O2   conftest.c -lthread  -lresolv -lpthread -lnsl -lm -ll -lc  >&5
/usr/bin/ld: cannot find -lthread
collect2: ld returned 1 exit status
configure:4911: $? = 1
configure: failed program was:
| #line 4890 "configure"
| /* confdefs.h.  */
| 
| #define PACKAGE_NAME ""
| #define PACKAGE_TARNAME ""
| #define PACKAGE_VERSION ""
| #define PACKAGE_STRING ""
| #define PACKAGE_BUGREPORT ""
| #ifdef __cplusplus
| #include <stdlib.h>
| #endif
| #define YYTEXT_POINTER 1
| #define HAVE_LIBC 1
| #define HAVE_LIBL 1
| #define HAVE_LIBM 1
| #define HAVE_LIBNSL 1
| #define HAVE_LIBPTHREAD 1
| #define HAVE_LIBRESOLV 1
| /* end confdefs.h.  */
| 
| 
| int
| main ()
| {
| main ();
|   ;
|   return 0;
| }
configure:4929: result: no
configure:4941: checking for main in -lwrtree
configure:4966: gcc -o conftest -g -O2   conftest.c -lwrtree  -lresolv -lpthread -lnsl -lm -ll -lc  >&5
/usr/bin/ld: cannot find -lwrtree
collect2: ld returned 1 exit status
configure:4969: $? = 1
configure: failed program was:
| #line 4948 "configure"
| /* confdefs.h.  */
| 
| #define PACKAGE_NAME ""
| #define PACKAGE_TARNAME ""
| #define PACKAGE_VERSION ""
| #define PACKAGE_STRING ""
| #define PACKAGE_BUGREPORT ""
| #ifdef __cplusplus
| #include <stdlib.h>
| #endif
| #define YYTEXT_POINTER 1
| #define HAVE_LIBC 1
| #define HAVE_LIBL 1
| #define HAVE_LIBM 1
| #define HAVE_LIBNSL 1
| #define HAVE_LIBPTHREAD 1
| #define HAVE_LIBRESOLV 1
| /* end confdefs.h.  */
| 
| 
| int
| main ()
| {
| main ();
|   ;
|   return 0;
| }
configure:4987: result: no
configure:4999: checking for main in -ly
configure:5024: gcc -o conftest -g -O2   conftest.c -ly  -lresolv -lpthread -lnsl -lm -ll -lc  >&5
/usr/bin/ld: cannot find -ly
collect2: ld returned 1 exit status
configure:5027: $? = 1
configure: failed program was:
| #line 5006 "configure"
| /* confdefs.h.  */
| 
| #define PACKAGE_NAME ""
| #define PACKAGE_TARNAME ""
| #define PACKAGE_VERSION ""
| #define PACKAGE_STRING ""
| #define PACKAGE_BUGREPORT ""
| #ifdef __cplusplus
| #include <stdlib.h>
| #endif
| #define YYTEXT_POINTER 1
| #define HAVE_LIBC 1
| #define HAVE_LIBL 1
| #define HAVE_LIBM 1
| #define HAVE_LIBNSL 1
| #define HAVE_LIBPTHREAD 1
| #define HAVE_LIBRESOLV 1
| /* end confdefs.h.  */
| 
| 
| int
| main ()
| {
| main ();
|   ;
|   return 0;
| }
configure:5045: result: no
configure:5065: checking for dirent.h that defines DIR
configure:5090: gcc -c -g -O2  conftest.c >&5
configure:5093: $? = 0
configure:5096: test -s conftest.o
configure:5099: $? = 0
configure:5110: result: yes
configure:5123: checking for library containing opendir
configure:5154: gcc -o conftest -g -O2   conftest.c -lresolv -lpthread -lnsl -lm -ll -lc  >&5
configure:5157: $? = 0
configure:5160: test -s conftest
configure:5163: $? = 0
configure:5222: result: none required
configure:5343: checking how to run the C preprocessor
configure:5379: gcc -E  conftest.c
configure:5385: $? = 0
configure:5417: gcc -E  conftest.c
configure:5427:28: ac_nonexistent.h: No such file or directory
configure:5423: $? = 1
configure: failed program was:
| #line 5408 "configure"
| /* confdefs.h.  */
| 
| #define PACKAGE_NAME ""
| #define PACKAGE_TARNAME ""
| #define PACKAGE_VERSION ""
| #define PACKAGE_STRING ""
| #define PACKAGE_BUGREPORT ""
| #ifdef __cplusplus
| #include <stdlib.h>
| #endif
| #define YYTEXT_POINTER 1
| #define HAVE_LIBC 1
| #define HAVE_LIBL 1
| #define HAVE_LIBM 1
| #define HAVE_LIBNSL 1
| #define HAVE_LIBPTHREAD 1
| #define HAVE_LIBRESOLV 1
| #define HAVE_DIRENT_H 1
| /* end confdefs.h.  */
| #include <ac_nonexistent.h>
configure:5461: result: gcc -E
configure:5486: gcc -E  conftest.c
configure:5492: $? = 0
configure:5524: gcc -E  conftest.c
configure:5534:28: ac_nonexistent.h: No such file or directory
configure:5530: $? = 1
configure: failed program was:
| #line 5515 "configure"
| /* confdefs.h.  */
| 
| #define PACKAGE_NAME ""
| #define PACKAGE_TARNAME ""
| #define PACKAGE_VERSION ""
| #define PACKAGE_STRING ""
| #define PACKAGE_BUGREPORT ""
| #ifdef __cplusplus
| #include <stdlib.h>
| #endif
| #define YYTEXT_POINTER 1
| #define HAVE_LIBC 1
| #define HAVE_LIBL 1
| #define HAVE_LIBM 1
| #define HAVE_LIBNSL 1
| #define HAVE_LIBPTHREAD 1
| #define HAVE_LIBRESOLV 1
| #define HAVE_DIRENT_H 1
| /* end confdefs.h.  */
| #include <ac_nonexistent.h>
configure:5573: checking for egrep
configure:5583: result: grep -E
configure:5588: checking for ANSI C header files
configure:5614: gcc -c -g -O2  conftest.c >&5
configure:5617: $? = 0
configure:5620: test -s conftest.o
configure:5623: $? = 0
configure:5712: gcc -o conftest -g -O2   conftest.c -lresolv -lpthread -lnsl -lm -ll -lc  >&5
configure:5715: $? = 0
configure:5717: ./conftest
configure:5720: $? = 0
configure:5735: result: yes
configure:5745: checking for sys/wait.h that is POSIX.1 compatible
configure:5777: gcc -c -g -O2  conftest.c >&5
configure:5780: $? = 0
configure:5783: test -s conftest.o
configure:5786: $? = 0
configure:5797: result: yes
configure:5821: checking for sys/types.h
configure:5838: gcc -c -g -O2  conftest.c >&5
configure:5841: $? = 0
configure:5844: test -s conftest.o
configure:5847: $? = 0
configure:5858: result: yes
configure:5821: checking for sys/stat.h
configure:5838: gcc -c -g -O2  conftest.c >&5
configure:5841: $? = 0
configure:5844: test -s conftest.o
configure:5847: $? = 0
configure:5858: result: yes
configure:5821: checking for stdlib.h
configure:5838: gcc -c -g -O2  conftest.c >&5
configure:5841: $? = 0
configure:5844: test -s conftest.o
configure:5847: $? = 0
configure:5858: result: yes
configure:5821: checking for string.h
configure:5838: gcc -c -g -O2  conftest.c >&5
configure:5841: $? = 0
configure:5844: test -s conftest.o
configure:5847: $? = 0
configure:5858: result: yes
configure:5821: checking for memory.h
configure:5838: gcc -c -g -O2  conftest.c >&5
configure:5841: $? = 0
configure:5844: test -s conftest.o
configure:5847: $? = 0
configure:5858: result: yes
configure:5821: checking for strings.h
configure:5838: gcc -c -g -O2  conftest.c >&5
configure:5841: $? = 0
configure:5844: test -s conftest.o
configure:5847: $? = 0
configure:5858: result: yes
configure:5821: checking for inttypes.h
configure:5838: gcc -c -g -O2  conftest.c >&5
configure:5841: $? = 0
configure:5844: test -s conftest.o
configure:5847: $? = 0
configure:5858: result: yes
configure:5821: checking for stdint.h
configure:5838: gcc -c -g -O2  conftest.c >&5
configure:5841: $? = 0
configure:5844: test -s conftest.o
configure:5847: $? = 0
configure:5858: result: yes
configure:5821: checking for unistd.h
configure:5838: gcc -c -g -O2  conftest.c >&5
configure:5841: $? = 0
configure:5844: test -s conftest.o
configure:5847: $? = 0
configure:5858: result: yes
configure:5892: checking fcntl.h usability
configure:5905: gcc -c -g -O2  conftest.c >&5
configure:5908: $? = 0
configure:5911: test -s conftest.o
configure:5914: $? = 0
configure:5924: result: yes
configure:5928: checking fcntl.h presence
configure:5939: gcc -E  conftest.c
configure:5945: $? = 0
configure:5964: result: yes
configure:6000: checking for fcntl.h
configure:6007: result: yes
configure:5892: checking limits.h usability
configure:5905: gcc -c -g -O2  conftest.c >&5
configure:5908: $? = 0
configure:5911: test -s conftest.o
configure:5914: $? = 0
configure:5924: result: yes
configure:5928: checking limits.h presence
configure:5939: gcc -E  conftest.c
configure:5945: $? = 0
configure:5964: result: yes
configure:6000: checking for limits.h
configure:6007: result: yes
configure:5892: checking malloc.h usability
configure:5905: gcc -c -g -O2  conftest.c >&5
configure:5908: $? = 0
configure:5911: test -s conftest.o
configure:5914: $? = 0
configure:5924: result: yes
configure:5928: checking malloc.h presence
configure:5939: gcc -E  conftest.c
configure:5945: $? = 0
configure:5964: result: yes
configure:6000: checking for malloc.h
configure:6007: result: yes
configure:5883: checking for strings.h
configure:5888: result: yes
configure:5892: checking sys/file.h usability
configure:5905: gcc -c -g -O2  conftest.c >&5
configure:5908: $? = 0
configure:5911: test -s conftest.o
configure:5914: $? = 0
configure:5924: result: yes
configure:5928: checking sys/file.h presence
configure:5939: gcc -E  conftest.c
configure:5945: $? = 0
configure:5964: result: yes
configure:6000: checking for sys/file.h
configure:6007: result: yes
configure:5892: checking sys/ioctl.h usability
configure:5905: gcc -c -g -O2  conftest.c >&5
configure:5908: $? = 0
configure:5911: test -s conftest.o
configure:5914: $? = 0
configure:5924: result: yes
configure:5928: checking sys/ioctl.h presence
configure:5939: gcc -E  conftest.c
configure:5945: $? = 0
configure:5964: result: yes
configure:6000: checking for sys/ioctl.h
configure:6007: result: yes
configure:5892: checking sys/time.h usability
configure:5905: gcc -c -g -O2  conftest.c >&5
configure:5908: $? = 0
configure:5911: test -s conftest.o
configure:5914: $? = 0
configure:5924: result: yes
configure:5928: checking sys/time.h presence
configure:5939: gcc -E  conftest.c
configure:5945: $? = 0
configure:5964: result: yes
configure:6000: checking for sys/time.h
configure:6007: result: yes
configure:5892: checking syslog.h usability
configure:5905: gcc -c -g -O2  conftest.c >&5
configure:5908: $? = 0
configure:5911: test -s conftest.o
configure:5914: $? = 0
configure:5924: result: yes
configure:5928: checking syslog.h presence
configure:5939: gcc -E  conftest.c
configure:5945: $? = 0
configure:5964: result: yes
configure:6000: checking for syslog.h
configure:6007: result: yes
configure:5883: checking for unistd.h
configure:5888: result: yes
configure:6021: checking for an ANSI C-conforming const
configure:6089: gcc -c -g -O2  conftest.c >&5
configure:6092: $? = 0
configure:6095: test -s conftest.o
configure:6098: $? = 0
configure:6109: result: yes
configure:6119: checking for uid_t in sys/types.h
configure:6143: result: yes
configure:6158: checking for mode_t
configure:6183: gcc -c -g -O2  conftest.c >&5
configure:6186: $? = 0
configure:6189: test -s conftest.o
configure:6192: $? = 0
configure:6203: result: yes
configure:6215: checking for off_t
configure:6240: gcc -c -g -O2  conftest.c >&5
configure:6243: $? = 0
configure:6246: test -s conftest.o
configure:6249: $? = 0
configure:6260: result: yes
configure:6272: checking for pid_t
configure:6297: gcc -c -g -O2  conftest.c >&5
configure:6300: $? = 0
configure:6303: test -s conftest.o
configure:6306: $? = 0
configure:6317: result: yes
configure:6329: checking for size_t
configure:6354: gcc -c -g -O2  conftest.c >&5
configure:6357: $? = 0
configure:6360: test -s conftest.o
configure:6363: $? = 0
configure:6374: result: yes
configure:6387: checking for struct stat.st_blksize
configure:6411: gcc -c -g -O2  conftest.c >&5
configure:6414: $? = 0
configure:6417: test -s conftest.o
configure:6420: $? = 0
configure:6468: result: yes
configure:6484: checking for struct stat.st_blocks
configure:6508: gcc -c -g -O2  conftest.c >&5
configure:6511: $? = 0
configure:6514: test -s conftest.o
configure:6517: $? = 0
configure:6565: result: yes
configure:6584: checking for struct stat.st_rdev
configure:6608: gcc -c -g -O2  conftest.c >&5
configure:6611: $? = 0
configure:6614: test -s conftest.o
configure:6617: $? = 0
configure:6665: result: yes
configure:6681: checking whether time.h and sys/time.h may both be included
configure:6707: gcc -c -g -O2  conftest.c >&5
configure:6710: $? = 0
configure:6713: test -s conftest.o
configure:6716: $? = 0
configure:6727: result: yes
configure:6737: checking whether struct tm is in sys/time.h or time.h
configure:6761: gcc -c -g -O2  conftest.c >&5
configure:6764: $? = 0
configure:6767: test -s conftest.o
configure:6770: $? = 0
configure:6781: result: time.h
configure:6794: checking for working alloca.h
configure:6816: gcc -o conftest -g -O2   conftest.c -lresolv -lpthread -lnsl -lm -ll -lc  >&5
configure:6819: $? = 0
configure:6822: test -s conftest
configure:6825: $? = 0
configure:6836: result: yes
configure:6846: checking for alloca
configure:6888: gcc -o conftest -g -O2   conftest.c -lresolv -lpthread -lnsl -lm -ll -lc  >&5
configure:6891: $? = 0
configure:6894: test -s conftest
configure:6897: $? = 0
configure:6908: result: yes
configure:7116: checking whether gcc needs -traditional
configure:7160: result: no
configure:7167: checking for working memcmp
configure:7216: gcc -o conftest -g -O2   conftest.c -lresolv -lpthread -lnsl -lm -ll -lc  >&5
configure:7219: $? = 0
configure:7221: ./conftest
configure:7224: $? = 0
configure:7238: result: yes
configure:7248: checking for stdlib.h
configure:7253: result: yes
configure:7248: checking for unistd.h
configure:7253: result: yes
configure:7389: checking for getpagesize
configure:7439: gcc -o conftest -g -O2   conftest.c -lresolv -lpthread -lnsl -lm -ll -lc  >&5
configure:7442: $? = 0
configure:7445: test -s conftest
configure:7448: $? = 0
configure:7459: result: yes
configure:7469: checking for working mmap
configure:7612: gcc -o conftest -g -O2   conftest.c -lresolv -lpthread -lnsl -lm -ll -lc  >&5
configure:7615: $? = 0
configure:7617: ./conftest
configure:7620: $? = 0
configure:7634: result: yes
configure:7645: checking return type of signal handlers
configure:7677: gcc -c -g -O2  conftest.c >&5
configure:7680: $? = 0
configure:7683: test -s conftest.o
configure:7686: $? = 0
configure:7697: result: void
configure:7705: checking whether utime accepts a null argument
configure:7737: gcc -o conftest -g -O2   conftest.c -lresolv -lpthread -lnsl -lm -ll -lc  >&5
configure:7740: $? = 0
configure:7742: ./conftest
configure:7745: $? = 0
configure:7760: result: yes
configure:7775: checking for vprintf
configure:7825: gcc -o conftest -g -O2   conftest.c -lresolv -lpthread -lnsl -lm -ll -lc  >&5
configure:7828: $? = 0
configure:7831: test -s conftest
configure:7834: $? = 0
configure:7845: result: yes
configure:7852: checking for _doprnt
configure:7902: gcc -o conftest -g -O2   conftest.c -lresolv -lpthread -lnsl -lm -ll -lc  >&5
/tmp/ccAuiT7Q.o(.text+0x11): In function `main':
/home/srbusr/SRB3_2_1e_ac/configure:7944: undefined reference to `_doprnt'
/tmp/ccAuiT7Q.o(.data+0x0):/home/srbusr/SRB3_2_1e_ac/configure:7943: undefined reference to `_doprnt'
collect2: ld returned 1 exit status
configure:7905: $? = 1
configure: failed program was:
| #line 7857 "configure"
| /* confdefs.h.  */
| 
| #define PACKAGE_NAME ""
| #define PACKAGE_TARNAME ""
| #define PACKAGE_VERSION ""
| #define PACKAGE_STRING ""
| #define PACKAGE_BUGREPORT ""
| #ifdef __cplusplus
| #include <stdlib.h>
| #endif
| #define YYTEXT_POINTER 1
| #define HAVE_LIBC 1
| #define HAVE_LIBL 1
| #define HAVE_LIBM 1
| #define HAVE_LIBNSL 1
| #define HAVE_LIBPTHREAD 1
| #define HAVE_LIBRESOLV 1
| #define HAVE_DIRENT_H 1
| #define STDC_HEADERS 1
| #define HAVE_SYS_WAIT_H 1
| #define HAVE_SYS_TYPES_H 1
| #define HAVE_SYS_STAT_H 1
| #define HAVE_STDLIB_H 1
| #define HAVE_STRING_H 1
| #define HAVE_MEMORY_H 1
| #define HAVE_STRINGS_H 1
| #define HAVE_INTTYPES_H 1
| #define HAVE_STDINT_H 1
| #define HAVE_UNISTD_H 1
| #define HAVE_FCNTL_H 1
| #define HAVE_LIMITS_H 1
| #define HAVE_MALLOC_H 1
| #define HAVE_STRINGS_H 1
| #define HAVE_SYS_FILE_H 1
| #define HAVE_SYS_IOCTL_H 1
| #define HAVE_SYS_TIME_H 1
| #define HAVE_SYSLOG_H 1
| #define HAVE_UNISTD_H 1
| #define HAVE_STRUCT_STAT_ST_BLKSIZE 1
| #define HAVE_ST_BLKSIZE 1
| #define HAVE_STRUCT_STAT_ST_BLOCKS 1
| #define HAVE_ST_BLOCKS 1
| #define HAVE_STRUCT_STAT_ST_RDEV 1
| #define HAVE_ST_RDEV 1
| #define TIME_WITH_SYS_TIME 1
| #define HAVE_ALLOCA_H 1
| #define HAVE_ALLOCA 1
| #define HAVE_STDLIB_H 1
| #define HAVE_UNISTD_H 1
| #define HAVE_GETPAGESIZE 1
| #define HAVE_MMAP 1
| #define RETSIGTYPE void
| #define HAVE_UTIME_NULL 1
| #define HAVE_VPRINTF 1
| /* end confdefs.h.  */
| /* System header to define __stub macros and hopefully few prototypes,
|     which can conflict with char _doprnt (); below.
|     Prefer <limits.h> to <assert.h> if __STDC__ is defined, since
|     <limits.h> exists even on freestanding compilers.  */
| #ifdef __STDC__
| # include <limits.h>
| #else
| # include <assert.h>
| #endif
| /* Override any gcc2 internal prototype to avoid an error.  */
| #ifdef __cplusplus
| extern "C"
| {
| #endif
| /* We use char because int might match the return type of a gcc2
|    builtin and then its argument prototype would still apply.  */
| char _doprnt ();
| /* The GNU C library defines this for functions which it implements
|     to always fail with ENOSYS.  Some functions are actually named
|     something starting with __ and the normal name is an alias.  */
| #if defined (__stub__doprnt) || defined (__stub____doprnt)
| choke me
| #else
| char (*f) () = _doprnt;
| #endif
| #ifdef __cplusplus
| }
| #endif
| 
| int
| main ()
| {
| return f != _doprnt;
|   ;
|   return 0;
| }
configure:7922: result: no
configure:7954: checking for ftime
configure:8004: gcc -o conftest -g -O2   conftest.c -lresolv -lpthread -lnsl -lm -ll -lc  >&5
configure:8007: $? = 0
configure:8010: test -s conftest
configure:8013: $? = 0
configure:8024: result: yes
configure:7954: checking for getcwd
configure:8004: gcc -o conftest -g -O2   conftest.c -lresolv -lpthread -lnsl -lm -ll -lc  >&5
configure:8007: $? = 0
configure:8010: test -s conftest
configure:8013: $? = 0
configure:8024: result: yes
configure:7954: checking for gethostname
configure:8004: gcc -o conftest -g -O2   conftest.c -lresolv -lpthread -lnsl -lm -ll -lc  >&5
configure:8007: $? = 0
configure:8010: test -s conftest
configure:8013: $? = 0
configure:8024: result: yes
configure:7954: checking for gettimeofday
configure:8004: gcc -o conftest -g -O2   conftest.c -lresolv -lpthread -lnsl -lm -ll -lc  >&5
configure:8007: $? = 0
configure:8010: test -s conftest
configure:8013: $? = 0
configure:8024: result: yes
configure:7954: checking for mkdir
configure:8004: gcc -o conftest -g -O2   conftest.c -lresolv -lpthread -lnsl -lm -ll -lc  >&5
configure:8007: $? = 0
configure:8010: test -s conftest
configure:8013: $? = 0
configure:8024: result: yes
configure:7954: checking for mktime
configure:8004: gcc -o conftest -g -O2   conftest.c -lresolv -lpthread -lnsl -lm -ll -lc  >&5
configure:8007: $? = 0
configure:8010: test -s conftest
configure:8013: $? = 0
configure:8024: result: yes
configure:7954: checking for putenv
configure:8004: gcc -o conftest -g -O2   conftest.c -lresolv -lpthread -lnsl -lm -ll -lc  >&5
configure:8007: $? = 0
configure:8010: test -s conftest
configure:8013: $? = 0
configure:8024: result: yes
configure:7954: checking for re_comp
configure:8004: gcc -o conftest -g -O2   conftest.c -lresolv -lpthread -lnsl -lm -ll -lc  >&5
configure:8007: $? = 0
configure:8010: test -s conftest
configure:8013: $? = 0
configure:8024: result: yes
configure:7954: checking for regcomp
configure:8004: gcc -o conftest -g -O2   conftest.c -lresolv -lpthread -lnsl -lm -ll -lc  >&5
configure:8007: $? = 0
configure:8010: test -s conftest
configure:8013: $? = 0
configure:8024: result: yes
configure:7954: checking for rmdir
configure:8004: gcc -o conftest -g -O2   conftest.c -lresolv -lpthread -lnsl -lm -ll -lc  >&5
configure:8007: $? = 0
configure:8010: test -s conftest
configure:8013: $? = 0
configure:8024: result: yes
configure:7954: checking for select
configure:8004: gcc -o conftest -g -O2   conftest.c -lresolv -lpthread -lnsl -lm -ll -lc  >&5
configure:8007: $? = 0
configure:8010: test -s conftest
configure:8013: $? = 0
configure:8024: result: yes
configure:7954: checking for socket
configure:8004: gcc -o conftest -g -O2   conftest.c -lresolv -lpthread -lnsl -lm -ll -lc  >&5
configure:8007: $? = 0
configure:8010: test -s conftest
configure:8013: $? = 0
configure:8024: result: yes
configure:7954: checking for strdup
configure:8004: gcc -o conftest -g -O2   conftest.c -lresolv -lpthread -lnsl -lm -ll -lc  >&5
configure:8007: $? = 0
configure:8010: test -s conftest
configure:8013: $? = 0
configure:8024: result: yes
configure:7954: checking for strerror
configure:8004: gcc -o conftest -g -O2   conftest.c -lresolv -lpthread -lnsl -lm -ll -lc  >&5
configure:8007: $? = 0
configure:8010: test -s conftest
configure:8013: $? = 0
configure:8024: result: yes
configure:7954: checking for strstr
configure:8004: gcc -o conftest -g -O2   conftest.c -lresolv -lpthread -lnsl -lm -ll -lc  >&5
configure:8044: warning: conflicting types for built-in function `strstr'
configure:8007: $? = 0
configure:8010: test -s conftest
configure:8013: $? = 0
configure:8024: result: yes
configure:8069: gcc -o  conftest -g -O2   conftest.c >&5
configure:8072: $? = 0
configure:8074: ./conftest
configure:8077: $? = 1
configure: program exited with status 1
configure: failed program was:
| #line 8053 "configure"
| /* confdefs.h.  */
| 
| #define PACKAGE_NAME ""
| #define PACKAGE_TARNAME ""
| #define PACKAGE_VERSION ""
| #define PACKAGE_STRING ""
| #define PACKAGE_BUGREPORT ""
| #ifdef __cplusplus
| #include <stdlib.h>
| #endif
| #define YYTEXT_POINTER 1
| #define HAVE_LIBC 1
| #define HAVE_LIBL 1
| #define HAVE_LIBM 1
| #define HAVE_LIBNSL 1
| #define HAVE_LIBPTHREAD 1
| #define HAVE_LIBRESOLV 1
| #define HAVE_DIRENT_H 1
| #define STDC_HEADERS 1
| #define HAVE_SYS_WAIT_H 1
| #define HAVE_SYS_TYPES_H 1
| #define HAVE_SYS_STAT_H 1
| #define HAVE_STDLIB_H 1
| #define HAVE_STRING_H 1
| #define HAVE_MEMORY_H 1
| #define HAVE_STRINGS_H 1
| #define HAVE_INTTYPES_H 1
| #define HAVE_STDINT_H 1
| #define HAVE_UNISTD_H 1
| #define HAVE_FCNTL_H 1
| #define HAVE_LIMITS_H 1
| #define HAVE_MALLOC_H 1
| #define HAVE_STRINGS_H 1
| #define HAVE_SYS_FILE_H 1
| #define HAVE_SYS_IOCTL_H 1
| #define HAVE_SYS_TIME_H 1
| #define HAVE_SYSLOG_H 1
| #define HAVE_UNISTD_H 1
| #define HAVE_STRUCT_STAT_ST_BLKSIZE 1
| #define HAVE_ST_BLKSIZE 1
| #define HAVE_STRUCT_STAT_ST_BLOCKS 1
| #define HAVE_ST_BLOCKS 1
| #define HAVE_STRUCT_STAT_ST_RDEV 1
| #define HAVE_ST_RDEV 1
| #define TIME_WITH_SYS_TIME 1
| #define HAVE_ALLOCA_H 1
| #define HAVE_ALLOCA 1
| #define HAVE_STDLIB_H 1
| #define HAVE_UNISTD_H 1
| #define HAVE_GETPAGESIZE 1
| #define HAVE_MMAP 1
| #define RETSIGTYPE void
| #define HAVE_UTIME_NULL 1
| #define HAVE_VPRINTF 1
| #define HAVE_FTIME 1
| #define HAVE_GETCWD 1
| #define HAVE_GETHOSTNAME 1
| #define HAVE_GETTIMEOFDAY 1
| #define HAVE_MKDIR 1
| #define HAVE_MKTIME 1
| #define HAVE_PUTENV 1
| #define HAVE_RE_COMP 1
| #define HAVE_REGCOMP 1
| #define HAVE_RMDIR 1
| #define HAVE_SELECT 1
| #define HAVE_SOCKET 1
| #define HAVE_STRDUP 1
| #define HAVE_STRERROR 1
| #define HAVE_STRSTR 1
| /* end confdefs.h.  */
| 
| main() {
| char *foo;
| if (sizeof(foo)==8) exit(0);
| exit(1);
| }
| 
configure:8138: checking build system type
configure:8156: result: i686-pc-linux-gnu
configure:8164: checking host system type
configure:8178: result: i686-pc-linux-gnu
configure:8662: creating ./config.status

## ---------------------- ##
## Running config.status. ##
## ---------------------- ##

This file was extended by config.status, which was
generated by GNU Autoconf 2.57.  Invocation command line was

  CONFIG_FILES    = 
  CONFIG_HEADERS  = 
  CONFIG_LINKS    = 
  CONFIG_COMMANDS = 
  $ ./config.status 

on senne.dl.ac.uk

config.status:680: creating Makefile
config.status:680: creating admin/Makefile
config.status:680: creating bin/killsrb
config.status:680: creating bin/runsrb
config.status:680: creating java/src/Makefile
config.status:680: creating java/src/glue/Makefile
config.status:680: creating mk/mk.config
config.status:680: creating mk/RPM/README
config.status:680: creating mk/RPM/SRB.spec
config.status:680: creating MCAT/Makefile
config.status:680: creating MCAT/java/src/Makefile
config.status:680: creating MCAT/java/Makefile
config.status:680: creating preload/Makefile
config.status:680: creating src/include/srb.h
config.status:680: creating tape/Makefile
config.status:680: creating test/APItest/Makefile
config.status:680: creating test/examples/Makefile
config.status:680: creating test/testsuite/Makefile
config.status:680: creating utilities/Makefile
config.status:804: executing default commands

## ---------------- ##
## Cache variables. ##
## ---------------- ##

ac_cv_build=i686-pc-linux-gnu
ac_cv_build_alias=i686-pc-linux-gnu
ac_cv_c_compiler_gnu=yes
ac_cv_c_const=yes
ac_cv_cxx_compiler_gnu=yes
ac_cv_env_CC_set=
ac_cv_env_CC_value=
ac_cv_env_CFLAGS_set=
ac_cv_env_CFLAGS_value=
ac_cv_env_CPPFLAGS_set=
ac_cv_env_CPPFLAGS_value=
ac_cv_env_CPP_set=
ac_cv_env_CPP_value=
ac_cv_env_CXXFLAGS_set=
ac_cv_env_CXXFLAGS_value=
ac_cv_env_CXX_set=
ac_cv_env_CXX_value=
ac_cv_env_LDFLAGS_set=
ac_cv_env_LDFLAGS_value=
ac_cv_env_build_alias_set=
ac_cv_env_build_alias_value=
ac_cv_env_host_alias_set=
ac_cv_env_host_alias_value=
ac_cv_env_target_alias_set=
ac_cv_env_target_alias_value=
ac_cv_exeext=
ac_cv_func__doprnt=no
ac_cv_func_alloca_works=yes
ac_cv_func_ftime=yes
ac_cv_func_getcwd=yes
ac_cv_func_gethostname=yes
ac_cv_func_getpagesize=yes
ac_cv_func_gettimeofday=yes
ac_cv_func_memcmp_working=yes
ac_cv_func_mkdir=yes
ac_cv_func_mktime=yes
ac_cv_func_mmap_fixed_mapped=yes
ac_cv_func_putenv=yes
ac_cv_func_re_comp=yes
ac_cv_func_regcomp=yes
ac_cv_func_rmdir=yes
ac_cv_func_select=yes
ac_cv_func_socket=yes
ac_cv_func_strdup=yes
ac_cv_func_strerror=yes
ac_cv_func_strstr=yes
ac_cv_func_utime_null=yes
ac_cv_func_vprintf=yes
ac_cv_header_dirent_dirent_h=yes
ac_cv_header_fcntl_h=yes
ac_cv_header_inttypes_h=yes
ac_cv_header_limits_h=yes
ac_cv_header_malloc_h=yes
ac_cv_header_memory_h=yes
ac_cv_header_stdc=yes
ac_cv_header_stdint_h=yes
ac_cv_header_stdlib_h=yes
ac_cv_header_string_h=yes
ac_cv_header_strings_h=yes
ac_cv_header_sys_file_h=yes
ac_cv_header_sys_ioctl_h=yes
ac_cv_header_sys_stat_h=yes
ac_cv_header_sys_time_h=yes
ac_cv_header_sys_types_h=yes
ac_cv_header_sys_wait_h=yes
ac_cv_header_syslog_h=yes
ac_cv_header_time=yes
ac_cv_header_unistd_h=yes
ac_cv_host=i686-pc-linux-gnu
ac_cv_host_alias=i686-pc-linux-gnu
ac_cv_lib_DataCutter_main=no
ac_cv_lib_EncClient_main=no
ac_cv_lib_EncSfs_main=no
ac_cv_lib_Encina_main=no
ac_cv_lib_SrbClient_main=no
ac_cv_lib_SrbJavaGlue_main=no
ac_cv_lib_c_main=yes
ac_cv_lib_c_r_main=no
ac_cv_lib_com_err_main=no
ac_cv_lib_db_main=no
ac_cv_lib_dce_main=no
ac_cv_lib_dcepthreads_main=no
ac_cv_lib_dpss_main=no
ac_cv_lib_dpssfs_main=no
ac_cv_lib_dpssutils_main=no
ac_cv_lib_elf_main=no
ac_cv_lib_fl_yywrap=yes
ac_cv_lib_gen_main=no
ac_cv_lib_hpss_extensions_main=no
ac_cv_lib_hpss_main=no
ac_cv_lib_hpssapi_main=no
ac_cv_lib_jnetutils_main=no
ac_cv_lib_krb5_main=no
ac_cv_lib_krb5crypto_main=no
ac_cv_lib_l_main=yes
ac_cv_lib_m_main=yes
ac_cv_lib_netlogger_main=no
ac_cv_lib_nsl_main=yes
ac_cv_lib_posix4_main=no
ac_cv_lib_pthread_main=yes
ac_cv_lib_pthreads_main=no
ac_cv_lib_resolv_main=yes
ac_cv_lib_socket_main=no
ac_cv_lib_thread_main=no
ac_cv_lib_wrtree_main=no
ac_cv_lib_y_main=no
ac_cv_member_struct_stat_st_blksize=yes
ac_cv_member_struct_stat_st_blocks=yes
ac_cv_member_struct_stat_st_rdev=yes
ac_cv_objext=o
ac_cv_prog_CPP='gcc -E'
ac_cv_prog_LEX=flex
ac_cv_prog_ac_ct_CC=gcc
ac_cv_prog_ac_ct_CXX=g++
ac_cv_prog_cc_g=yes
ac_cv_prog_cc_stdc=
ac_cv_prog_cxx_g=yes
ac_cv_prog_egrep='grep -E'
ac_cv_prog_gcc_traditional=no
ac_cv_prog_lex_root=lex.yy
ac_cv_prog_lex_yytext_pointer=yes
ac_cv_search_opendir='none required'
ac_cv_struct_tm=time.h
ac_cv_type_mode_t=yes
ac_cv_type_off_t=yes
ac_cv_type_pid_t=yes
ac_cv_type_signal=void
ac_cv_type_size_t=yes
ac_cv_type_uid_t=yes
ac_cv_working_alloca_h=yes

## ----------------- ##
## Output variables. ##
## ----------------- ##

ACCSCTRL='1'
ADDR_64BIT=''
ALLOCA=''
CC='gcc'
CFLAGS='-g -O2'
COMMNUM='255'
COMMPORTS='1'
COMMSTART='65000'
CPP='gcc -E'
CPPFLAGS=''
CXX='g++'
CXXFLAGS='-g -O2'
DB2HOME='/projects/doct/db2/v5/home/sqllib'
DB2LOBJ=''
DEFS='-DPACKAGE_NAME=\"\" -DPACKAGE_TARNAME=\"\" -DPACKAGE_VERSION=\"\" -DPACKAGE_STRING=\"\" -DPACKAGE_BUGREPORT=\"\" -DYYTEXT_POINTER=1 -DHAVE_LIBC=1 -DHAVE_LIBL=1 -DHAVE_LIBM=1 -DHAVE_LIBNSL=1 -DHAVE_LIBPTHREAD=1 -DHAVE_LIBRESOLV=1 -DHAVE_DIRENT_H=1 -DSTDC_HEADERS=1 -DHAVE_SYS_WAIT_H=1 -DHAVE_SYS_TYPES_H=1 -DHAVE_SYS_STAT_H=1 -DHAVE_STDLIB_H=1 -DHAVE_STRING_H=1 -DHAVE_MEMORY_H=1 -DHAVE_STRINGS_H=1 -DHAVE_INTTYPES_H=1 -DHAVE_STDINT_H=1 -DHAVE_UNISTD_H=1 -DHAVE_FCNTL_H=1 -DHAVE_LIMITS_H=1 -DHAVE_MALLOC_H=1 -DHAVE_STRINGS_H=1 -DHAVE_SYS_FILE_H=1 -DHAVE_SYS_IOCTL_H=1 -DHAVE_SYS_TIME_H=1 -DHAVE_SYSLOG_H=1 -DHAVE_UNISTD_H=1 -DHAVE_STRUCT_STAT_ST_BLKSIZE=1 -DHAVE_ST_BLKSIZE=1 -DHAVE_STRUCT_STAT_ST_BLOCKS=1 -DHAVE_ST_BLOCKS=1 -DHAVE_STRUCT_STAT_ST_RDEV=1 -DHAVE_ST_RDEV=1 -DTIME_WITH_SYS_TIME=1 -DHAVE_ALLOCA_H=1 -DHAVE_ALLOCA=1 -DHAVE_STDLIB_H=1 -DHAVE_UNISTD_H=1 -DHAVE_GETPAGESIZE=1 -DHAVE_MMAP=1 -DRETSIGTYPE=void -DHAVE_UTIME_NULL=1 -DHAVE_VPRINTF=1 -DHAVE_FTIME=1 -DHAVE_GETCWD=1 -DHAVE_GETHOSTNAME=1 -DHAVE_GETTIMEOFDAY=1 -DHAVE_MKDIR=1 -DHAVE_MKTIME=1 -DHAVE_PUTENV=1 -DHAVE_RE_COMP=1 -DHAVE_REGCOMP=1 -DHAVE_RMDIR=1 -DHAVE_SELECT=1 -DHAVE_SOCKET=1 -DHAVE_STRDUP=1 -DHAVE_STRERROR=1 -DHAVE_STRSTR=1 '
ECHO_C=''
ECHO_N='-n'
ECHO_T=''
EGREP='grep -E'
EXEEXT=''
GSIHOME=''
GSI_AUTH=''
GSI_INSTALL_TYPE=''
IFMXHOME='/informix'
IFMXLOBJ=''
ILLUSLOBJ=''
INSTALL_DIR='/opt/srb/bbsrc'
JAVAGUI='1'
JDKHOME='/opt/java'
LDFLAGS=''
LEX='flex'
LEXLIB='-lfl'
LEX_OUTPUT_ROOT='lex.yy'
LIBOBJS=''
LIBS='-lresolv -lpthread -lnsl -lm -ll -lc '
LTLIBOBJS=''
MCAT_DB2=''
MCAT_Informix=''
MCAT_MySQL=''
MCAT_Oracle='1'
MCAT_Postgres=''
MCAT_Sybase=''
MCAT_VERSION='MCAT_VERSION_20'
MYSHOME='/scratch/slocal/mysql'
MYSLOBJ=''
OBJEXT='o'
OPENSSLHOME=''
ORACONN=''
ORAHOME='/opt/oracle/product/9.2.0'
ORALOBJ='1'
ORAVER='ORACLE_VERSION_920_32bit'
PACKAGE_BUGREPORT=''
PACKAGE_NAME=''
PACKAGE_STRING=''
PACKAGE_TARNAME=''
PACKAGE_VERSION=''
PATH_SEPARATOR=':'
PORTNAME='PORTNAME_linux'
POSTGRESHOME='/scratch/slocal/pgsql'
PSGLOBJ=''
SHELL='/bin/sh'
SRB_PORT='7620'
SRB_PROJECT=''
SRB_SECURE_COMM=''
SRB_VERSION='3.2.1'
SYBHOME='/sybase'
SYBLOBJ=''
SYBVER=''
YACC='yacc'
ac_ct_CC='gcc'
ac_ct_CXX='g++'
bindir='${exec_prefix}/bin'
build='i686-pc-linux-gnu'
build_alias=''
build_cpu='i686'
build_os='linux-gnu'
build_vendor='pc'
datadir='${prefix}/share'
exec_prefix='${prefix}'
host='i686-pc-linux-gnu'
host_alias=''
host_cpu='i686'
host_os='linux-gnu'
host_vendor='pc'
includedir='${prefix}/include'
infodir='${prefix}/info'
libdir='${exec_prefix}/lib'
libexecdir='${exec_prefix}/libexec'
localstatedir='${prefix}/var'
mandir='${prefix}/man'
oldincludedir='/usr/include'
prefix='/usr/local'
program_transform_name='s,x,x,'
sbindir='${exec_prefix}/sbin'
sharedstatedir='${prefix}/com'
sysconfdir='${prefix}/etc'
target_alias=''
targetroot='/home/srbusr/SRB3_2_1e_ac'

## ----------- ##
## confdefs.h. ##
## ----------- ##

#define HAVE_ALLOCA 1
#define HAVE_ALLOCA_H 1
#define HAVE_DIRENT_H 1
#define HAVE_FCNTL_H 1
#define HAVE_FTIME 1
#define HAVE_GETCWD 1
#define HAVE_GETHOSTNAME 1
#define HAVE_GETPAGESIZE 1
#define HAVE_GETTIMEOFDAY 1
#define HAVE_INTTYPES_H 1
#define HAVE_LIBC 1
#define HAVE_LIBL 1
#define HAVE_LIBM 1
#define HAVE_LIBNSL 1
#define HAVE_LIBPTHREAD 1
#define HAVE_LIBRESOLV 1
#define HAVE_LIMITS_H 1
#define HAVE_MALLOC_H 1
#define HAVE_MEMORY_H 1
#define HAVE_MKDIR 1
#define HAVE_MKTIME 1
#define HAVE_MMAP 1
#define HAVE_PUTENV 1
#define HAVE_REGCOMP 1
#define HAVE_RE_COMP 1
#define HAVE_RMDIR 1
#define HAVE_SELECT 1
#define HAVE_SOCKET 1
#define HAVE_STDINT_H 1
#define HAVE_STDLIB_H 1
#define HAVE_STDLIB_H 1
#define HAVE_STRDUP 1
#define HAVE_STRERROR 1
#define HAVE_STRINGS_H 1
#define HAVE_STRINGS_H 1
#define HAVE_STRING_H 1
#define HAVE_STRSTR 1
#define HAVE_STRUCT_STAT_ST_BLKSIZE 1
#define HAVE_STRUCT_STAT_ST_BLOCKS 1
#define HAVE_STRUCT_STAT_ST_RDEV 1
#define HAVE_ST_BLKSIZE 1
#define HAVE_ST_BLOCKS 1
#define HAVE_ST_RDEV 1
#define HAVE_SYSLOG_H 1
#define HAVE_SYS_FILE_H 1
#define HAVE_SYS_IOCTL_H 1
#define HAVE_SYS_STAT_H 1
#define HAVE_SYS_TIME_H 1
#define HAVE_SYS_TYPES_H 1
#define HAVE_SYS_WAIT_H 1
#define HAVE_UNISTD_H 1
#define HAVE_UNISTD_H 1
#define HAVE_UNISTD_H 1
#define HAVE_UTIME_NULL 1
#define HAVE_VPRINTF 1
#define PACKAGE_BUGREPORT ""
#define PACKAGE_NAME ""
#define PACKAGE_STRING ""
#define PACKAGE_TARNAME ""
#define PACKAGE_VERSION ""
#define RETSIGTYPE void
#define STDC_HEADERS 1
#define TIME_WITH_SYS_TIME 1
#define YYTEXT_POINTER 1
#endif
#ifdef __cplusplus
#include <stdlib.h>

configure: exit 0
