

***********************************************************************
Fatal NI connect error 12545, connecting to:
 (DESCRIPTION=(ADDRESS=(PROTOCOL=beq)(PROGRAM=/opt/oracle//bin/oracle)(ARGV0=oraclemcatbbsrc)(ARGS='(DESCRIPTION=(LOCAL=YES)(ADDRESS=(PROTOCOL=beq)))')(DETACH=NO))(CONNECT_DATA=(CID=(PROGRAM=)(HOST=amazon.dl.ac.uk)(USER=srbusr))))

  VERSION INFORMATION:
	TNS for Linux: Version 9.2.0.4.0 - Production
	Oracle Bequeath NT Protocol Adapter for Linux: Version 9.2.0.4.0 - Production
  Time: 18-NOV-2004 12:29:00
  Tracing not turned on.
  Tns error struct:
    nr err code: 0
    ns main err code: 12545
    TNS-12545: Connect failed because target host or object does not exist
    ns secondary err code: 12560
    nt main err code: 515
    TNS-00515: Connect failed because target host or object does not exist
    nt secondary err code: 2
    nt OS err code: 0


***********************************************************************
Fatal NI connect error 12545, connecting to:
 (DESCRIPTION=(ADDRESS=(PROTOCOL=beq)(PROGRAM=/opt/oracle//bin/oracle)(ARGV0=oraclemcatbbsrc)(ARGS='(DESCRIPTION=(LOCAL=YES)(ADDRESS=(PROTOCOL=beq)))')(DETACH=NO))(CONNECT_DATA=(CID=(PROGRAM=)(HOST=amazon.dl.ac.uk)(USER=srbusr))))

  VERSION INFORMATION:
	TNS for Linux: Version 9.2.0.4.0 - Production
	Oracle Bequeath NT Protocol Adapter for Linux: Version 9.2.0.4.0 - Production
  Time: 18-NOV-2004 12:29:00
  Tracing not turned on.
  Tns error struct:
    nr err code: 0
    ns main err code: 12545
    TNS-12545: Connect failed because target host or object does not exist
    ns secondary err code: 12560
    nt main err code: 515
    TNS-00515: Connect failed because target host or object does not exist
    nt secondary err code: 2
    nt OS err code: 0


***********************************************************************
Fatal NI connect error 12545, connecting to:
 (DESCRIPTION=(ADDRESS=(PROTOCOL=beq)(PROGRAM=/opt/oracle/product/9.2.0/bin/oracle)(ARGV0=oraclemcatbbsrc)(ARGS='(DESCRIPTION=(LOCAL=YES)(ADDRESS=(PROTOCOL=beq)))')(DETACH=NO))(CONNECT_DATA=(CID=(PROGRAM=ingestToken)(HOST=senne.dl.ac.uk)(USER=srbusr))))

  VERSION INFORMATION:
	TNS for Linux: Version 9.2.0.6.0 - Production
	Oracle Bequeath NT Protocol Adapter for Linux: Version 9.2.0.6.0 - Production
	TCP/IP NT Protocol Adapter for Linux: Version 9.2.0.6.0 - Production
  Time: 21-FEB-2005 16:36:23
  Tracing to file: /tmp/sqlnettrace_4855.trc
  Tns error struct:
    nr err code: 0
    ns main err code: 12545
    TNS-12545: Connect failed because target host or object does not exist
    ns secondary err code: 12560
    nt main err code: 515
    TNS-00515: Connect failed because target host or object does not exist
    nt secondary err code: 2
    nt OS err code: 0


***********************************************************************
Fatal NI connect error 12545, connecting to:
 (DESCRIPTION=(ADDRESS=(PROTOCOL=beq)(PROGRAM=/opt/oracle/product/9.2.0/bin/oracle)(ARGV0=oraclemcatbbsrc)(ARGS='(DESCRIPTION=(LOCAL=YES)(ADDRESS=(PROTOCOL=beq)))')(DETACH=NO))(CONNECT_DATA=(CID=(PROGRAM=ingestToken)(HOST=senne.dl.ac.uk)(USER=srbusr))))

  VERSION INFORMATION:
	TNS for Linux: Version 9.2.0.6.0 - Production
	Oracle Bequeath NT Protocol Adapter for Linux: Version 9.2.0.6.0 - Production
	TCP/IP NT Protocol Adapter for Linux: Version 9.2.0.6.0 - Production
  Time: 21-FEB-2005 16:36:23
  Tracing to file: /tmp/sqlnettrace_4855.trc
  Tns error struct:
    nr err code: 0
    ns main err code: 12545
    TNS-12545: Connect failed because target host or object does not exist
    ns secondary err code: 12560
    nt main err code: 515
    TNS-00515: Connect failed because target host or object does not exist
    nt secondary err code: 2
    nt OS err code: 0


***********************************************************************
Fatal NI connect error 12545, connecting to:
 (DESCRIPTION=(ADDRESS=(PROTOCOL=beq)(PROGRAM=/opt/oracle/product/9.2.0/bin/oracle)(ARGV0=oraclemcatbbsrc)(ARGS='(DESCRIPTION=(LOCAL=YES)(ADDRESS=(PROTOCOL=beq)))')(DETACH=NO))(CONNECT_DATA=(CID=(PROGRAM=ingestToken)(HOST=senne.dl.ac.uk)(USER=srbusr))))

  VERSION INFORMATION:
	TNS for Linux: Version 9.2.0.6.0 - Production
	Oracle Bequeath NT Protocol Adapter for Linux: Version 9.2.0.6.0 - Production
	TCP/IP NT Protocol Adapter for Linux: Version 9.2.0.6.0 - Production
  Time: 21-FEB-2005 16:43:32
  Tracing to file: /tmp/sqlnettrace_5006.trc
  Tns error struct:
    nr err code: 0
    ns main err code: 12545
    TNS-12545: Connect failed because target host or object does not exist
    ns secondary err code: 12560
    nt main err code: 515
    TNS-00515: Connect failed because target host or object does not exist
    nt secondary err code: 2
    nt OS err code: 0


***********************************************************************
Fatal NI connect error 12545, connecting to:
 (DESCRIPTION=(ADDRESS=(PROTOCOL=beq)(PROGRAM=/opt/oracle/product/9.2.0/bin/oracle)(ARGV0=oraclemcatbbsrc)(ARGS='(DESCRIPTION=(LOCAL=YES)(ADDRESS=(PROTOCOL=beq)))')(DETACH=NO))(CONNECT_DATA=(CID=(PROGRAM=ingestToken)(HOST=senne.dl.ac.uk)(USER=srbusr))))

  VERSION INFORMATION:
	TNS for Linux: Version 9.2.0.6.0 - Production
	Oracle Bequeath NT Protocol Adapter for Linux: Version 9.2.0.6.0 - Production
	TCP/IP NT Protocol Adapter for Linux: Version 9.2.0.6.0 - Production
  Time: 21-FEB-2005 16:43:32
  Tracing to file: /tmp/sqlnettrace_5006.trc
  Tns error struct:
    nr err code: 0
    ns main err code: 12545
    TNS-12545: Connect failed because target host or object does not exist
    ns secondary err code: 12560
    nt main err code: 515
    TNS-00515: Connect failed because target host or object does not exist
    nt secondary err code: 2
    nt OS err code: 0


***********************************************************************
Fatal NI connect error 12545, connecting to:
 (DESCRIPTION=(ADDRESS=(PROTOCOL=beq)(PROGRAM=/opt/oracle/product/9.2.0/bin/oracle)(ARGV0=oraclemcatbbsrc)(ARGS='(DESCRIPTION=(LOCAL=YES)(ADDRESS=(PROTOCOL=beq)))')(DETACH=NO))(CONNECT_DATA=(CID=(PROGRAM=ingestToken)(HOST=senne.dl.ac.uk)(USER=srbusr))))

  VERSION INFORMATION:
	TNS for Linux: Version 9.2.0.6.0 - Production
	Oracle Bequeath NT Protocol Adapter for Linux: Version 9.2.0.6.0 - Production
	TCP/IP NT Protocol Adapter for Linux: Version 9.2.0.6.0 - Production
  Time: 21-FEB-2005 16:45:25
  Tracing to file: /tmp/sqlnettrace_5020.trc
  Tns error struct:
    nr err code: 0
    ns main err code: 12545
    TNS-12545: Connect failed because target host or object does not exist
    ns secondary err code: 12560
    nt main err code: 515
    TNS-00515: Connect failed because target host or object does not exist
    nt secondary err code: 2
    nt OS err code: 0


***********************************************************************
Fatal NI connect error 12545, connecting to:
 (DESCRIPTION=(ADDRESS=(PROTOCOL=beq)(PROGRAM=/opt/oracle/product/9.2.0/bin/oracle)(ARGV0=oraclemcatbbsrc)(ARGS='(DESCRIPTION=(LOCAL=YES)(ADDRESS=(PROTOCOL=beq)))')(DETACH=NO))(CONNECT_DATA=(CID=(PROGRAM=ingestToken)(HOST=senne.dl.ac.uk)(USER=srbusr))))

  VERSION INFORMATION:
	TNS for Linux: Version 9.2.0.6.0 - Production
	Oracle Bequeath NT Protocol Adapter for Linux: Version 9.2.0.6.0 - Production
	TCP/IP NT Protocol Adapter for Linux: Version 9.2.0.6.0 - Production
  Time: 21-FEB-2005 16:45:25
  Tracing to file: /tmp/sqlnettrace_5020.trc
  Tns error struct:
    nr err code: 0
    ns main err code: 12545
    TNS-12545: Connect failed because target host or object does not exist
    ns secondary err code: 12560
    nt main err code: 515
    TNS-00515: Connect failed because target host or object does not exist
    nt secondary err code: 2
    nt OS err code: 0


***********************************************************************
Fatal NI connect error 12545, connecting to:
 (DESCRIPTION=(ADDRESS=(PROTOCOL=beq)(PROGRAM=/opt/oracle/product/9.2.0/bin/oracle)(ARGV0=oraclemcatbbsrc)(ARGS='(DESCRIPTION=(LOCAL=YES)(ADDRESS=(PROTOCOL=beq)))')(DETACH=NO))(CONNECT_DATA=(CID=(PROGRAM=ingestToken)(HOST=senne.dl.ac.uk)(USER=srbusr))))

  VERSION INFORMATION:
	TNS for Linux: Version 9.2.0.6.0 - Production
	Oracle Bequeath NT Protocol Adapter for Linux: Version 9.2.0.6.0 - Production
  Time: 21-FEB-2005 17:55:44
  Tracing to file: /tmp/sqlnettrace_5404.trc
  Tns error struct:
    nr err code: 0
    ns main err code: 12545
    TNS-12545: Connect failed because target host or object does not exist
    ns secondary err code: 12560
    nt main err code: 515
    TNS-00515: Connect failed because target host or object does not exist
    nt secondary err code: 2
    nt OS err code: 0


***********************************************************************
Fatal NI connect error 12545, connecting to:
 (DESCRIPTION=(ADDRESS=(PROTOCOL=beq)(PROGRAM=/opt/oracle/product/9.2.0/bin/oracle)(ARGV0=oraclemcatbbsrc)(ARGS='(DESCRIPTION=(LOCAL=YES)(ADDRESS=(PROTOCOL=beq)))')(DETACH=NO))(CONNECT_DATA=(CID=(PROGRAM=ingestToken)(HOST=senne.dl.ac.uk)(USER=srbusr))))

  VERSION INFORMATION:
	TNS for Linux: Version 9.2.0.6.0 - Production
	Oracle Bequeath NT Protocol Adapter for Linux: Version 9.2.0.6.0 - Production
  Time: 21-FEB-2005 17:55:44
  Tracing to file: /tmp/sqlnettrace_5404.trc
  Tns error struct:
    nr err code: 0
    ns main err code: 12545
    TNS-12545: Connect failed because target host or object does not exist
    ns secondary err code: 12560
    nt main err code: 515
    TNS-00515: Connect failed because target host or object does not exist
    nt secondary err code: 2
    nt OS err code: 0


***********************************************************************
Fatal NI connect error 12545, connecting to:
 (DESCRIPTION=(ADDRESS=(PROTOCOL=beq)(PROGRAM=/opt/oracle/product/9.2.0/bin/oracle)(ARGV0=oraclemcatbbsrc)(ARGS='(DESCRIPTION=(LOCAL=YES)(ADDRESS=(PROTOCOL=beq)))')(DETACH=NO))(CONNECT_DATA=(CID=(PROGRAM=ingestToken)(HOST=senne.dl.ac.uk)(USER=srbusr))))

  VERSION INFORMATION:
	TNS for Linux: Version 9.2.0.6.0 - Production
	Oracle Bequeath NT Protocol Adapter for Linux: Version 9.2.0.6.0 - Production
  Time: 21-FEB-2005 18:19:05
  Tracing to file: /tmp/sqlnettrace_5587.trc
  Tns error struct:
    nr err code: 0
    ns main err code: 12545
    TNS-12545: Connect failed because target host or object does not exist
    ns secondary err code: 12560
    nt main err code: 515
    TNS-00515: Connect failed because target host or object does not exist
    nt secondary err code: 2
    nt OS err code: 0


***********************************************************************
Fatal NI connect error 12545, connecting to:
 (DESCRIPTION=(ADDRESS=(PROTOCOL=beq)(PROGRAM=/opt/oracle/product/9.2.0/bin/oracle)(ARGV0=oraclemcatbbsrc)(ARGS='(DESCRIPTION=(LOCAL=YES)(ADDRESS=(PROTOCOL=beq)))')(DETACH=NO))(CONNECT_DATA=(CID=(PROGRAM=ingestToken)(HOST=senne.dl.ac.uk)(USER=srbusr))))

  VERSION INFORMATION:
	TNS for Linux: Version 9.2.0.6.0 - Production
	Oracle Bequeath NT Protocol Adapter for Linux: Version 9.2.0.6.0 - Production
  Time: 21-FEB-2005 18:19:05
  Tracing to file: /tmp/sqlnettrace_5587.trc
  Tns error struct:
    nr err code: 0
    ns main err code: 12545
    TNS-12545: Connect failed because target host or object does not exist
    ns secondary err code: 12560
    nt main err code: 515
    TNS-00515: Connect failed because target host or object does not exist
    nt secondary err code: 2
    nt OS err code: 0


***********************************************************************
Fatal NI connect error 12545, connecting to:
 (DESCRIPTION=(ADDRESS=(PROTOCOL=beq)(PROGRAM=/opt/oracle/product/9.2.0/bin/oracle)(ARGV0=oraclemcatbbsrc)(ARGS='(DESCRIPTION=(LOCAL=YES)(ADDRESS=(PROTOCOL=beq)))')(DETACH=NO))(CONNECT_DATA=(CID=(PROGRAM=ingestToken)(HOST=senne.dl.ac.uk)(USER=srbusr))))

  VERSION INFORMATION:
	TNS for Linux: Version 9.2.0.6.0 - Production
	Oracle Bequeath NT Protocol Adapter for Linux: Version 9.2.0.6.0 - Production
  Time: 21-FEB-2005 18:21:44
  Tracing to file: /tmp/sqlnettrace_5620.trc
  Tns error struct:
    nr err code: 0
    ns main err code: 12545
    TNS-12545: Connect failed because target host or object does not exist
    ns secondary err code: 12560
    nt main err code: 515
    TNS-00515: Connect failed because target host or object does not exist
    nt secondary err code: 2
    nt OS err code: 0


***********************************************************************
Fatal NI connect error 12545, connecting to:
 (DESCRIPTION=(ADDRESS=(PROTOCOL=beq)(PROGRAM=/opt/oracle/product/9.2.0/bin/oracle)(ARGV0=oraclemcatbbsrc)(ARGS='(DESCRIPTION=(LOCAL=YES)(ADDRESS=(PROTOCOL=beq)))')(DETACH=NO))(CONNECT_DATA=(CID=(PROGRAM=ingestToken)(HOST=senne.dl.ac.uk)(USER=srbusr))))

  VERSION INFORMATION:
	TNS for Linux: Version 9.2.0.6.0 - Production
	Oracle Bequeath NT Protocol Adapter for Linux: Version 9.2.0.6.0 - Production
  Time: 21-FEB-2005 18:21:44
  Tracing to file: /tmp/sqlnettrace_5620.trc
  Tns error struct:
    nr err code: 0
    ns main err code: 12545
    TNS-12545: Connect failed because target host or object does not exist
    ns secondary err code: 12560
    nt main err code: 515
    TNS-00515: Connect failed because target host or object does not exist
    nt secondary err code: 2
    nt OS err code: 0


***********************************************************************
Fatal NI connect error 12545, connecting to:
 (DESCRIPTION=(ADDRESS=(PROTOCOL=beq)(PROGRAM=/opt/oracle/product/9.2.0/bin/oracle)(ARGV0=oraclemcatbbsrc)(ARGS='(DESCRIPTION=(LOCAL=YES)(ADDRESS=(PROTOCOL=beq)))')(DETACH=NO))(CONNECT_DATA=(CID=(PROGRAM=ingestToken)(HOST=senne.dl.ac.uk)(USER=srbusr))))

  VERSION INFORMATION:
	TNS for Linux: Version 9.2.0.6.0 - Production
	Oracle Bequeath NT Protocol Adapter for Linux: Version 9.2.0.6.0 - Production
  Time: 21-FEB-2005 18:24:02
  Tracing to file: /tmp/sqlnettrace_5660.trc
  Tns error struct:
    nr err code: 0
    ns main err code: 12545
    TNS-12545: Connect failed because target host or object does not exist
    ns secondary err code: 12560
    nt main err code: 515
    TNS-00515: Connect failed because target host or object does not exist
    nt secondary err code: 2
    nt OS err code: 0


***********************************************************************
Fatal NI connect error 12545, connecting to:
 (DESCRIPTION=(ADDRESS=(PROTOCOL=beq)(PROGRAM=/opt/oracle/product/9.2.0/bin/oracle)(ARGV0=oraclemcatbbsrc)(ARGS='(DESCRIPTION=(LOCAL=YES)(ADDRESS=(PROTOCOL=beq)))')(DETACH=NO))(CONNECT_DATA=(CID=(PROGRAM=ingestToken)(HOST=senne.dl.ac.uk)(USER=srbusr))))

  VERSION INFORMATION:
	TNS for Linux: Version 9.2.0.6.0 - Production
	Oracle Bequeath NT Protocol Adapter for Linux: Version 9.2.0.6.0 - Production
  Time: 21-FEB-2005 18:24:02
  Tracing to file: /tmp/sqlnettrace_5660.trc
  Tns error struct:
    nr err code: 0
    ns main err code: 12545
    TNS-12545: Connect failed because target host or object does not exist
    ns secondary err code: 12560
    nt main err code: 515
    TNS-00515: Connect failed because target host or object does not exist
    nt secondary err code: 2
    nt OS err code: 0


***********************************************************************
Fatal NI connect error 12545, connecting to:
 (DESCRIPTION=(ADDRESS=(PROTOCOL=beq)(PROGRAM=/opt/oracle/product/9.2.0/bin/oracle)(ARGV0=oraclemcatbbsrc)(ARGS='(DESCRIPTION=(LOCAL=YES)(ADDRESS=(PROTOCOL=beq)))')(DETACH=NO))(CONNECT_DATA=(CID=(PROGRAM=ingestToken)(HOST=senne.dl.ac.uk)(USER=srbusr))))

  VERSION INFORMATION:
	TNS for Linux: Version 9.2.0.6.0 - Production
	Oracle Bequeath NT Protocol Adapter for Linux: Version 9.2.0.6.0 - Production
  Time: 22-FEB-2005 09:47:00
  Tracing to file: /tmp/sqlnettrace_9789.trc
  Tns error struct:
    nr err code: 0
    ns main err code: 12545
    TNS-12545: Connect failed because target host or object does not exist
    ns secondary err code: 12560
    nt main err code: 515
    TNS-00515: Connect failed because target host or object does not exist
    nt secondary err code: 2
    nt OS err code: 0


***********************************************************************
Fatal NI connect error 12545, connecting to:
 (DESCRIPTION=(ADDRESS=(PROTOCOL=beq)(PROGRAM=/opt/oracle/product/9.2.0/bin/oracle)(ARGV0=oraclemcatbbsrc)(ARGS='(DESCRIPTION=(LOCAL=YES)(ADDRESS=(PROTOCOL=beq)))')(DETACH=NO))(CONNECT_DATA=(CID=(PROGRAM=ingestToken)(HOST=senne.dl.ac.uk)(USER=srbusr))))

  VERSION INFORMATION:
	TNS for Linux: Version 9.2.0.6.0 - Production
	Oracle Bequeath NT Protocol Adapter for Linux: Version 9.2.0.6.0 - Production
  Time: 22-FEB-2005 09:47:00
  Tracing to file: /tmp/sqlnettrace_9789.trc
  Tns error struct:
    nr err code: 0
    ns main err code: 12545
    TNS-12545: Connect failed because target host or object does not exist
    ns secondary err code: 12560
    nt main err code: 515
    TNS-00515: Connect failed because target host or object does not exist
    nt secondary err code: 2
    nt OS err code: 0


***********************************************************************
Fatal NI connect error 12545, connecting to:
 (DESCRIPTION=(ADDRESS=(PROTOCOL=beq)(PROGRAM=/opt/oracle/product/9.2.0/bin/oracle)(ARGV0=oraclemcatbbsrc)(ARGS='(DESCRIPTION=(LOCAL=YES)(ADDRESS=(PROTOCOL=beq)))')(DETACH=NO))(CONNECT_DATA=(CID=(PROGRAM=ingestToken)(HOST=senne.dl.ac.uk)(USER=srbusr))))

  VERSION INFORMATION:
	TNS for Linux: Version 9.2.0.6.0 - Production
	Oracle Bequeath NT Protocol Adapter for Linux: Version 9.2.0.6.0 - Production
  Time: 22-FEB-2005 09:54:42
  Tracing to file: /tmp/sqlnettrace_9824.trc
  Tns error struct:
    nr err code: 0
    ns main err code: 12545
    TNS-12545: Connect failed because target host or object does not exist
    ns secondary err code: 12560
    nt main err code: 515
    TNS-00515: Connect failed because target host or object does not exist
    nt secondary err code: 2
    nt OS err code: 0


***********************************************************************
Fatal NI connect error 12545, connecting to:
 (DESCRIPTION=(ADDRESS=(PROTOCOL=beq)(PROGRAM=/opt/oracle/product/9.2.0/bin/oracle)(ARGV0=oraclemcatbbsrc)(ARGS='(DESCRIPTION=(LOCAL=YES)(ADDRESS=(PROTOCOL=beq)))')(DETACH=NO))(CONNECT_DATA=(CID=(PROGRAM=ingestToken)(HOST=senne.dl.ac.uk)(USER=srbusr))))

  VERSION INFORMATION:
	TNS for Linux: Version 9.2.0.6.0 - Production
	Oracle Bequeath NT Protocol Adapter for Linux: Version 9.2.0.6.0 - Production
  Time: 22-FEB-2005 09:54:42
  Tracing to file: /tmp/sqlnettrace_9824.trc
  Tns error struct:
    nr err code: 0
    ns main err code: 12545
    TNS-12545: Connect failed because target host or object does not exist
    ns secondary err code: 12560
    nt main err code: 515
    TNS-00515: Connect failed because target host or object does not exist
    nt secondary err code: 2
    nt OS err code: 0


***********************************************************************
Fatal NI connect error 12545, connecting to:
 (DESCRIPTION=(ADDRESS=(PROTOCOL=beq)(PROGRAM=/opt/oracle/product/9.2.0/bin/oracle)(ARGV0=oraclemcatbbsrc)(ARGS='(DESCRIPTION=(LOCAL=YES)(ADDRESS=(PROTOCOL=beq)))')(DETACH=NO))(CONNECT_DATA=(CID=(PROGRAM=ingestToken)(HOST=senne.dl.ac.uk)(USER=srbusr))))

  VERSION INFORMATION:
	TNS for Linux: Version 9.2.0.6.0 - Production
	Oracle Bequeath NT Protocol Adapter for Linux: Version 9.2.0.6.0 - Production
  Time: 22-FEB-2005 10:00:24
  Tracing to file: /tmp/sqlnettrace_15379.trc
  Tns error struct:
    nr err code: 0
    ns main err code: 12545
    TNS-12545: Connect failed because target host or object does not exist
    ns secondary err code: 12560
    nt main err code: 515
    TNS-00515: Connect failed because target host or object does not exist
    nt secondary err code: 2
    nt OS err code: 0


***********************************************************************
Fatal NI connect error 12545, connecting to:
 (DESCRIPTION=(ADDRESS=(PROTOCOL=beq)(PROGRAM=/opt/oracle/product/9.2.0/bin/oracle)(ARGV0=oraclemcatbbsrc)(ARGS='(DESCRIPTION=(LOCAL=YES)(ADDRESS=(PROTOCOL=beq)))')(DETACH=NO))(CONNECT_DATA=(CID=(PROGRAM=ingestToken)(HOST=senne.dl.ac.uk)(USER=srbusr))))

  VERSION INFORMATION:
	TNS for Linux: Version 9.2.0.6.0 - Production
	Oracle Bequeath NT Protocol Adapter for Linux: Version 9.2.0.6.0 - Production
  Time: 22-FEB-2005 10:00:24
  Tracing to file: /tmp/sqlnettrace_15379.trc
  Tns error struct:
    nr err code: 0
    ns main err code: 12545
    TNS-12545: Connect failed because target host or object does not exist
    ns secondary err code: 12560
    nt main err code: 515
    TNS-00515: Connect failed because target host or object does not exist
    nt secondary err code: 2
    nt OS err code: 0
