/*C14*/CONNECT USER SA
DISCONNECT
/*C15*/CONNECT USER SA
SET AUTOCOMMIT FALSE
INSERT INTO AUTH_TOKEN VALUES('authToken:493FC5F0-12BF-11D9-BFC6-D022FFADFE2D','glen','glen','2004-09-30 10:01:16.121','2004-09-30 10:01:16.121',0,1)
COMMIT
SET AUTOCOMMIT TRUE
/*C16*/CONNECT USER SA
/*C17*/CONNECT USER SA
SET AUTOCOMMIT FALSE
/*C16*/SET AUTOCOMMIT FALSE
INSERT INTO AUTH_TOKEN VALUES('authToken:4948EDB0-12BF-11D9-BFC6-9458E6E8929F','glen','glen','2004-09-30 10:01:16.181','2004-09-30 10:01:16.181',0,1)
COMMIT
SET AUTOCOMMIT TRUE
/*C17*/SET AUTOCOMMIT TRUE
/*C16*/SET AUTOCOMMIT FALSE
/*C17*/SET AUTOCOMMIT FALSE
SET AUTOCOMMIT TRUE
SET AUTOCOMMIT FALSE
SET AUTOCOMMIT TRUE
/*C16*/SET AUTOCOMMIT TRUE
SET AUTOCOMMIT FALSE
SET AUTOCOMMIT TRUE
SET AUTOCOMMIT FALSE
INSERT INTO AUTH_TOKEN VALUES('authToken:4B68E780-12BF-11D9-BFC6-875910155AA7','glen','glen','2004-09-30 10:01:19.746','2004-09-30 10:01:19.746',0,1)
COMMIT
SET AUTOCOMMIT TRUE
SET AUTOCOMMIT FALSE
DELETE FROM AUTH_TOKEN WHERE AUTH_TOKEN='authToken:4B68E780-12BF-11D9-BFC6-875910155AA7'
INSERT INTO AUTH_TOKEN VALUES('authToken:4B68E780-12BF-11D9-BFC6-875910155AA7','glen','glen','2004-09-30 10:01:19.746','2004-09-30 10:01:19.917',1,1)
DELETE FROM CONTACT WHERE BUSINESS_KEY='E0AD9D40-0E05-11D9-9D40-90E2143CBC48' AND CONTACT_ID=0
DELETE FROM DISCOVERY_URL WHERE BUSINESS_KEY='E0AD9D40-0E05-11D9-9D40-90E2143CBC48' AND DISCOVERY_URL_ID=0
DELETE FROM BUSINESS_DESCR WHERE BUSINESS_KEY='E0AD9D40-0E05-11D9-9D40-90E2143CBC48' AND BUSINESS_DESCR_ID=0
DELETE FROM BUSINESS_NAME WHERE BUSINESS_KEY='E0AD9D40-0E05-11D9-9D40-90E2143CBC48' AND BUSINESS_NAME_ID=0
DELETE FROM BUSINESS_ENTITY WHERE BUSINESS_KEY='E0AD9D40-0E05-11D9-9D40-90E2143CBC48'
COMMIT
SET AUTOCOMMIT TRUE
SET AUTOCOMMIT FALSE
INSERT INTO AUTH_TOKEN VALUES('authToken:4BA30A50-12BF-11D9-BFC6-CE5C937D18BC','glen','glen','2004-09-30 10:01:20.137','2004-09-30 10:01:20.137',0,1)
COMMIT
SET AUTOCOMMIT TRUE
SET AUTOCOMMIT FALSE
SET AUTOCOMMIT TRUE
SET AUTOCOMMIT FALSE
INSERT INTO AUTH_TOKEN VALUES('authToken:4C2050A0-12BF-11D9-BFC6-9875AC1C658C','glen','glen','2004-09-30 10:01:20.938','2004-09-30 10:01:20.938',0,1)
COMMIT
SET AUTOCOMMIT TRUE
SET AUTOCOMMIT FALSE
DELETE FROM AUTH_TOKEN WHERE AUTH_TOKEN='authToken:4C2050A0-12BF-11D9-BFC6-9875AC1C658C'
INSERT INTO AUTH_TOKEN VALUES('authToken:4C2050A0-12BF-11D9-BFC6-9875AC1C658C','glen','glen','2004-09-30 10:01:20.938','2004-09-30 10:01:20.988',1,1)
DELETE FROM CONTACT WHERE BUSINESS_KEY='EE9316F0-0E06-11D9-96F0-EBEF990034CA' AND CONTACT_ID=0
DELETE FROM DISCOVERY_URL WHERE BUSINESS_KEY='EE9316F0-0E06-11D9-96F0-EBEF990034CA' AND DISCOVERY_URL_ID=0
DELETE FROM BUSINESS_DESCR WHERE BUSINESS_KEY='EE9316F0-0E06-11D9-96F0-EBEF990034CA' AND BUSINESS_DESCR_ID=0
DELETE FROM BUSINESS_NAME WHERE BUSINESS_KEY='EE9316F0-0E06-11D9-96F0-EBEF990034CA' AND BUSINESS_NAME_ID=0
DELETE FROM BUSINESS_ENTITY WHERE BUSINESS_KEY='EE9316F0-0E06-11D9-96F0-EBEF990034CA'
COMMIT
SET AUTOCOMMIT TRUE
SET AUTOCOMMIT FALSE
INSERT INTO AUTH_TOKEN VALUES('authToken:4C3D4E80-12BF-11D9-BFC6-821131A30F63','glen','glen','2004-09-30 10:01:21.228','2004-09-30 10:01:21.228',0,1)
COMMIT
SET AUTOCOMMIT TRUE
SET AUTOCOMMIT FALSE
SET AUTOCOMMIT TRUE
